Allegro Report
c:/SOS/Projects/Projects/SCVM_ML/pcb_layout/TSKYa.687264.013_V1.brd
Wed Jul 08 10:08:58 2020

REFDES,COMP_DEVICE_TYPE,SYM_CENTER_X,SYM_CENTER_Y,SYM_ROTATE,SYM_MIRROR,VALUE,TOL,COMP_PACKAGE
C1,GRM31CR60J227ME11L-1206C,101.5000,205.5000,270.000,NO,,20,C1206Q
C2,GRM31CR60J227ME11L-1206C,120.0000,205.5000,270.000,NO,,20,C1206Q
C3,GRM31CR60J227ME11L-1206C,122.5000,205.5000,270.000,NO,,20,C1206Q
C4,GRM31CR60J227ME11L-1206C,82.0000,207.5000,270.000,NO,,20,C1206Q
C5,GRM31CR60J227ME11L-1206C,79.5000,207.5000,270.000,NO,,20,C1206Q
C6,GRM31CR60J227ME11L-1206C,99.0000,205.5000,270.000,NO,,20,C1206Q
C7,GRM31CR60J227ME11L-1206C,100.5000,6.5000,90.000,NO,,20,C1206Q
C8,GRM31CR60J227ME11L-1206C,119.5000,6.5000,90.000,NO,,20,C1206Q
C9,GRM31CR60J227ME11L-1206C,122.0000,6.5000,90.000,NO,,20,C1206Q
C10,GRM31CR60J227ME11L-1206C,122.0000,60.0000,270.000,NO,,20,C1206Q
C11,GRM31CR60J227ME11L-1206C,124.5000,60.0000,270.000,NO,,20,C1206Q
C12,GRM31CR60J227ME11L-1206C,77.0000,6.5000,90.000,NO,,20,C1206Q
C13,GRM31CR60J227ME11L-1206C,79.5000,6.5000,90.000,NO,,20,C1206Q
C14,GRM31CR60J227ME11L-1206C,98.0000,6.5000,90.000,NO,,20,C1206Q
C15,GRM21BC81C226ME44L-0805C,-1.3850,7.6750,270.000,NO,,20,C0805
C16,GRM21BC81C226ME44L-0805C,-3.6350,7.6750,270.000,NO,,20,C0805
C17,GRM31CR61A476KE15L-1206C,-1.3850,12.9250,90.000,NO,,10,C1206Q
C18,GRM31CR61A476KE15L-1206C,-3.6350,12.9250,90.000,NO,,10,C1206Q
C19,GRM155R71C104KA88D-0402C,6.8650,5.9250,180.000,NO,,10,C0402
C20,GRM155R71H153KA12J-0402C,-5.8600,13.4500,270.000,NO,,10,C0402
C21,GRM21BC81C226ME44L-0805C,-17.3100,6.7000,270.000,NO,,20,C0805
C22,GRM21BC81C226ME44L-0805C,-19.5600,6.7000,270.000,NO,,20,C0805
C23,GRM31CR61A476KE15L-1206C,-17.3100,11.9500,90.000,NO,,10,C1206Q
C24,GRM31CR61A476KE15L-1206C,-19.5600,11.9500,90.000,NO,,10,C1206Q
C25,GRM155R71C104KA88D-0402C,-9.0600,5.9500,180.000,NO,,10,C0402
C26,GCM1555C1H150JA16D-0402C,-6.3100,16.9500,90.000,NO,,5,C0402
C27,GRM21BC81C226ME44L-0805C,28.3650,7.6750,270.000,NO,,20,C0805
C28,GRM21BC81C226ME44L-0805C,30.6150,7.6750,270.000,NO,,20,C0805
C29,GRM31CR61A476KE15L-1206C,30.6150,12.9250,90.000,NO,,10,C1206Q
C30,GRM31CR61A476KE15L-1206C,28.3650,12.9250,90.000,NO,,10,C1206Q
C31,GRM155R71C104KA88D-0402C,38.8650,5.9250,180.000,NO,,10,C0402
C32,GRM155R71H153KA12J-0402C,26.0900,13.4500,270.000,NO,,10,C0402
C33,GRM21BC81C226ME44L-0805C,12.3900,6.7000,270.000,NO,,20,C0805
C34,GRM21BC81C226ME44L-0805C,14.6400,6.7000,270.000,NO,,20,C0805
C35,GRM31CR61A476KE15L-1206C,12.3900,11.9500,90.000,NO,,10,C1206Q
C36,GRM31CR61A476KE15L-1206C,14.6400,11.9500,90.000,NO,,10,C1206Q
C37,GRM155R71C104KA88D-0402C,22.8900,5.9500,180.000,NO,,10,C0402
C38,GCM1555C1H150JA16D-0402C,25.6400,16.9500,90.000,NO,,5,C0402
C39,GRM21BC81C226ME44L-0805C,-8.8850,204.3250,90.000,NO,,20,C0805
C40,GRM21BC81C226ME44L-0805C,-6.6350,204.3250,90.000,NO,,20,C0805
C41,GRM31CR61A476KE15L-1206C,-6.6350,199.0750,270.000,NO,,10,C1206Q
C42,GRM31CR61A476KE15L-1206C,-8.8850,199.0750,270.000,NO,,10,C1206Q
C43,GRM155R71C104KA88D-0402C,-17.1350,206.0750,0.000,NO,,10,C0402
C44,GRM155R71H153KA12J-0402C,-4.3700,198.5500,90.000,NO,,10,C0402
C45,GRM21BC81C226ME44L-0805C,7.0800,205.3000,90.000,NO,,20,C0805
C46,GRM21BC81C226ME44L-0805C,9.3300,205.3000,90.000,NO,,20,C0805
C47,GRM31CR61A476KE15L-1206C,7.0800,200.0500,270.000,NO,,10,C1206Q
C48,GRM31CR61A476KE15L-1206C,9.3300,200.0500,270.000,NO,,10,C1206Q
C49,GRM155R71C104KA88D-0402C,-1.1700,206.0500,0.000,NO,,10,C0402
C50,GCM1555C1H150JA16D-0402C,-3.9200,195.0500,270.000,NO,,5,C0402
C51,GRM21BC81C226ME44L-0805C,23.1150,204.3250,90.000,NO,,20,C0805
C52,GRM21BC81C226ME44L-0805C,25.3650,204.3250,90.000,NO,,20,C0805
C53,GRM31CR61A476KE15L-1206C,25.3650,199.0750,270.000,NO,,10,C1206Q
C54,GRM31CR61A476KE15L-1206C,23.1150,199.0750,270.000,NO,,10,C1206Q
C55,GRM155R71C104KA88D-0402C,14.8650,206.0750,0.000,NO,,10,C0402
C56,GRM155R71H153KA12J-0402C,27.6500,198.5500,90.000,NO,,10,C0402
C57,GRM21BC81C226ME44L-0805C,39.1000,205.3000,90.000,NO,,20,C0805
C58,GRM21BC81C226ME44L-0805C,41.3500,205.3000,90.000,NO,,20,C0805
C59,GRM31CR61A476KE15L-1206C,39.1000,200.0500,270.000,NO,,10,C1206Q
C60,GRM31CR61A476KE15L-1206C,41.3500,200.0500,270.000,NO,,10,C1206Q
C61,GRM155R71C104KA88D-0402C,30.8500,206.0500,0.000,NO,,10,C0402
C62,GCM1555C1H150JA16D-0402C,28.1000,195.0500,270.000,NO,,5,C0402
C63,GRM21BC81C226ME44L-0805C,60.3650,7.6750,270.000,NO,,20,C0805
C64,GRM21BC81C226ME44L-0805C,62.6150,7.6750,270.000,NO,,20,C0805
C65,GRM31CR61A476KE15L-1206C,62.6150,12.9250,90.000,NO,,10,C1206Q
C66,GRM31CR61A476KE15L-1206C,60.3650,12.9250,90.000,NO,,10,C1206Q
C67,GRM155R71C104KA88D-0402C,70.8650,5.9250,180.000,NO,,10,C0402
C68,GRM155R71H153KA12J-0402C,58.1400,13.4500,270.000,NO,,10,C0402
C69,GRM21BC81C226ME44L-0805C,44.4400,6.7000,270.000,NO,,20,C0805
C70,GRM21BC81C226ME44L-0805C,46.6900,6.7000,270.000,NO,,20,C0805
C71,GRM31CR61A476KE15L-1206C,44.4400,11.9500,90.000,NO,,10,C1206Q
C72,GRM31CR61A476KE15L-1206C,46.6900,11.9500,90.000,NO,,10,C1206Q
C73,GRM155R71C104KA88D-0402C,54.9400,5.9500,180.000,NO,,10,C0402
C74,GCM1555C1H150JA16D-0402C,57.6900,16.9500,90.000,NO,,5,C0402
C75,GRM21BC81C226ME44L-0805C,57.3650,204.3250,90.000,NO,,20,C0805
C76,GRM21BC81C226ME44L-0805C,55.1150,204.3250,90.000,NO,,20,C0805
C77,GRM31CR61A476KE15L-1206C,55.1150,199.0750,270.000,NO,,10,C1206Q
C78,GRM31CR61A476KE15L-1206C,57.3650,199.0750,270.000,NO,,10,C1206Q
C79,GRM155R71C104KA88D-0402C,46.8650,206.0750,0.000,NO,,10,C0402
C80,GRM155R71H153KA12J-0402C,59.6400,198.5500,90.000,NO,,10,C0402
C81,GRM21BC81C226ME44L-0805C,71.0900,205.3000,90.000,NO,,20,C0805
C82,GRM21BC81C226ME44L-0805C,73.3400,205.3000,90.000,NO,,20,C0805
C83,GRM31CR61A476KE15L-1206C,71.0900,200.0500,270.000,NO,,10,C1206Q
C84,GRM31CR61A476KE15L-1206C,73.3400,200.0500,270.000,NO,,10,C1206Q
C85,GRM155R71C104KA88D-0402C,62.8400,206.0500,0.000,NO,,10,C0402
C86,GCM1555C1H150JA16D-0402C,60.0900,195.0500,270.000,NO,,5,C0402
C87,GRM21BC81C226ME44L-0805C,95.6250,82.2750,180.000,NO,,20,C0805
C88,GRM21BC81C226ME44L-0805C,95.6250,84.5250,180.000,NO,,20,C0805
C89,GRM31CR61A476KE15L-1206C,100.8750,84.5250,0.000,NO,,10,C1206Q
C90,GRM31CR61A476KE15L-1206C,100.8750,82.2750,0.000,NO,,10,C1206Q
C91,GRM155R71C104KA88D-0402C,93.8750,74.0250,90.000,NO,,10,C0402
C92,GRM155R71H153KA12J-0402C,82.7000,86.0000,0.000,NO,,10,C0402
C93,GRM21BC81C226ME44L-0805C,89.4500,74.5500,0.000,NO,,20,C0805
C94,GRM21BC81C226ME44L-0805C,89.4500,72.3000,0.000,NO,,20,C0805
C95,GRM31CR61A476KE15L-1206C,84.2000,74.5500,180.000,NO,,10,C1206Q
C96,GRM31CR61A476KE15L-1206C,84.2000,72.3000,180.000,NO,,10,C1206Q
C97,GRM155R71C104KA88D-0402C,90.2000,82.8000,270.000,NO,,10,C0402
C98,GCM1555C1H150JA16D-0402C,79.2000,85.5500,180.000,NO,,5,C0402
C99,GRM21BC81C226ME44L-0805C,91.7250,140.8250,180.000,NO,,20,C0805
C100,GRM21BC81C226ME44L-0805C,91.7250,143.0750,180.000,NO,,20,C0805
C101,GRM31CR61A476KE15L-1206C,96.9750,143.0750,0.000,NO,,10,C1206Q
C102,GRM31CR61A476KE15L-1206C,96.9750,140.8250,0.000,NO,,10,C1206Q
C103,GRM155R71C104KA88D-0402C,89.9750,132.5750,90.000,NO,,10,C0402
C104,GRM155R71H153KA12J-0402C,79.7300,140.7000,0.000,NO,,10,C0402
C105,GRM21BC81C226ME44L-0805C,86.4800,129.2500,0.000,NO,,20,C0805
C106,GRM21BC81C226ME44L-0805C,86.4800,127.0000,0.000,NO,,20,C0805
C107,GRM31CR61A476KE15L-1206C,81.2300,129.2500,180.000,NO,,10,C1206Q
C108,GRM31CR61A476KE15L-1206C,81.2300,127.0000,180.000,NO,,10,C1206Q
C109,GRM155R71C104KA88D-0402C,87.2300,137.5000,270.000,NO,,10,C0402
C110,GCM1555C1H150JA16D-0402C,76.2300,140.2500,180.000,NO,,5,C0402
C111,GCM155R71H472JA37D-0402C,-8.0000,92.5000,90.000,NO,,5,C0402
C112,GCM155R71H472JA37D-0402C,33.5000,94.2500,90.000,NO,,5,C0402
C113,GRM21BC81C226ME44L-0805C,-10.0000,91.0000,90.000,NO,,20,C0805
C114,GRM21BC81C226ME44L-0805C,31.5000,92.7500,90.000,NO,,20,C0805
C115,GRM31CR60J476KE19L-1206C,-4.5000,97.0000,0.000,NO,,10,C1206Q
C116,GRM31CR60J476KE19L-1206C,37.0000,98.7500,0.000,NO,,10,C1206Q
C117,GRM21BC81C226ME44L-0805C,-5.5000,90.5000,0.000,NO,,20,C0805
C118,GRM21BC81C226ME44L-0805C,36.5000,92.2500,0.000,NO,,20,C0805
C119,GRM188R61E225KA12D-0603C,-11.0000,96.0000,270.000,NO,,10,C0603
C120,GRM188R61E225KA12D-0603C,30.5000,98.0000,270.000,NO,,10,C0603
C121,GRM21BC81C226ME44L-0805C,-0.5000,93.5000,90.000,NO,,20,C0805
C122,GRM21BC81C226ME44L-0805C,41.0000,95.5000,90.000,NO,,20,C0805
C123,GCM155R71H472JA37D-0402C,-2.5000,94.0000,270.000,NO,,5,C0402
C124,GCM155R71H472JA37D-0402C,39.0000,96.0000,270.000,NO,,5,C0402
C125,GRM21BR61E106KA73L-0805C,129.5000,131.0000,0.000,YES,,10,C0805
C126,GRM21BR61E106KA73L-0805C,125.0000,130.0000,180.000,NO,,10,C0805
C127,GRM21BR61E106KA73L-0805C,129.0000,139.5000,0.000,YES,,10,C0805
C128,GCM1555C1H102JA16D-0402C,132.5000,139.0000,0.000,YES,,5,C0402
C129,GRM21BR61E106KA73L-0805C,134.5000,136.5000,90.000,YES,,10,C0805
C130,GRM21BR61E106KA73L-0805C,125.0000,124.0000,180.000,NO,,10,C0805
C131,GRM21BC81C226ME44L-0805C,15.0000,27.5000,90.000,NO,,20,C0805
C132,GRM155R71H153KA12J-0402C,8.0000,25.5000,0.000,NO,,10,C0402
C133,GCM1555C1H330JA16D-0402C,8.5000,20.5000,270.000,NO,,5,C0402
C134,GRM21BC81C226ME44L-0805C,-3.0000,191.0000,270.000,NO,,20,C0805
C135,GRM31CR60J476KE19L-1206C,18.0000,23.0000,270.000,NO,,10,C1206Q
C136,GRM155R71H153KA12J-0402C,-10.7500,189.2500,0.000,NO,,10,C0402
C137,GRM31CR60J476KE19L-1206C,15.5000,23.0000,270.000,NO,,10,C1206Q
C138,GCM1555C1H330JA16D-0402C,-10.2500,184.2500,90.000,NO,,5,C0402
C139,GRM31CR60J476KE19L-1206C,-3.2500,186.7500,270.000,NO,,10,C1206Q
C140,GRM31CR60J476KE19L-1206C,-0.7500,186.7500,270.000,NO,,10,C1206Q
C141,GRM21BC81C226ME44L-0805C,55.0000,103.0000,270.000,NO,,20,C0805
C142,GRM155R71H153KA12J-0402C,47.7000,100.7000,0.000,NO,,10,C0402
C143,GCM1555C1H330JA16D-0402C,48.2000,95.7000,90.000,NO,,5,C0402
C144,GRM31CR60J476KE19L-1206C,54.7500,97.6250,270.000,NO,,10,C1206Q
C145,GRM31CR60J476KE19L-1206C,57.2500,97.6250,270.000,NO,,10,C1206Q
C146,GRM21BR61E106KA73L-0805C,74.0000,109.0000,270.000,YES,,10,C0805
C147,GRM21BR61E106KA73L-0805C,103.0000,140.0000,0.000,YES,,10,C0805
C148,GCM1555C1H102JA16D-0402C,107.5000,139.5000,0.000,YES,,5,C0402
C149,GRM21BR61E106KA73L-0805C,65.5000,107.5000,270.000,YES,,10,C0805
C150,GCM1555C1H102JA16D-0402C,73.0000,104.5000,270.000,YES,,5,C0402
C151,GRM21BR61E106KA73L-0805C,104.5000,131.5000,0.000,YES,,10,C0805
C152,GRM21BR61E106KA73L-0805C,71.0000,102.5000,0.000,YES,,10,C0805
C153,GRM21BR61E106KA73L-0805C,109.5000,137.0000,90.000,YES,,10,C0805
C154,"K10-79-10V-0,1MKF_80-20-N90-N-A",119.0000,83.0000,90.000,NO,,(+80 -20),C0603
C155,"K10-79-10V-0,1MKF_80-20-N90-N-A",23.5000,100.7500,180.000,NO,,(+80 -20),C0603
C156,"K10-79-10V-0,1MKF_80-20-N90-N-A",23.5000,98.7500,180.000,NO,,(+80 -20),C0603
C157,"K10-79-10V-0,1MKF_80-20-N90-N-A",117.5000,78.5000,90.000,NO,,(+80 -20),C0603
C158,GCM155R71H472JA37D-0402C,16.0000,109.5000,270.000,YES,,5,C0402
C159,GCM1555C1H102JA16D-0402C,19.0000,112.5000,90.000,YES,,5,C0402
C160,GRM155R71C104KA88D-0402C,17.0000,109.5000,270.000,YES,,10,C0402
C161,GRM155R71H103KA88D-0402C,18.0000,112.5000,90.000,YES,,10,C0402
C162,GRM188R61E225KA12D-0603C,16.0000,112.0000,90.000,YES,,10,C0603
C163,GCM1555C1H102JA16D-0402C,19.5000,103.5000,0.000,YES,,5,C0402
C164,K10-79-100V-220PF_5-MPO-N-0603K,16.0000,106.0000,90.000,YES,,5,C0603
C165,GRM188R61E225KA12D-0603C,10.0000,103.0000,0.000,YES,,10,C0603
C166,GRM188R61E225KA12D-0603C,58.5000,109.0000,0.000,YES,,10,C0603
C167,GRM155R71H103KA88D-0402C,8.0000,102.5000,90.000,YES,,10,C0402
C168,GRM155R71H103KA88D-0402C,56.5000,108.5000,90.000,YES,,10,C0402
C169,K10-79-50V-1000PF_20-N30-N-060A,10.0000,101.5000,0.000,YES,,20,C0603
C170,K10-79-50V-1000PF_20-N30-N-060A,58.5000,107.5000,0.000,YES,,20,C0603
C171,K10-79-50V-2200PF_20-N30-N-060A,16.5000,101.0000,180.000,YES,,20,C0603
C172,GCM155R71H472JA37D-0402C,7.0000,102.5000,270.000,YES,,5,C0402
C173,GCM155R71H472JA37D-0402C,55.5000,108.5000,270.000,YES,,5,C0402
C174,K10-79-100V-22PF_5-MPO-N-0603K,14.5000,103.0000,90.000,YES,,5,C0603
C175,GRM155R71H103KA88D-0402C,-2.2500,105.5000,180.000,NO,,10,C0402
C176,GRM155R71C104KA88D-0402C,0.0000,101.0000,0.000,NO,,10,C0402
C177,GRM155R71C104KA88D-0402C,0.0000,99.0000,0.000,NO,,10,C0402
C178,GRM155R71C104KA88D-0402C,0.0000,115.0000,0.000,NO,,10,C0402
C179,GRM155R71C104KA88D-0402C,0.0000,100.0000,0.000,NO,,10,C0402
C180,GRM155R71C104KA88D-0402C,0.0000,98.0000,0.000,NO,,10,C0402
C181,GRM188R61E225KA12D-0603C,-10.0000,111.0000,270.000,NO,,10,C0603
C182,GRM188R61E225KA12D-0603C,-2.2500,102.0000,90.000,NO,,10,C0603
C183,GRM21BR61E106KA73L-0805C,-2.5000,110.0000,0.000,NO,,10,C0805
C184,GRM155R71C104KA88D-0402C,0.0000,116.0000,0.000,NO,,10,C0402
C185,GRM155R71C104KA88D-0402C,0.0000,113.0000,0.000,NO,,10,C0402
C186,GRM155R71C104KA88D-0402C,0.0000,114.0000,0.000,NO,,10,C0402
C187,GCM155R71H472JA37D-0402C,-3.0000,111.5000,0.000,NO,,5,C0402
C188,GCM155R71H472JA37D-0402C,-6.2500,101.6250,90.000,NO,,5,C0402
C189,GCM155R71H472JA37D-0402C,-2.2500,104.5000,180.000,NO,,5,C0402
C190,GRM155R71H103KA88D-0402C,-7.7500,101.6250,90.000,NO,,10,C0402
C191,GRM155R71H103KA88D-0402C,-10.2500,107.7500,270.000,NO,,10,C0402
C192,GCM155R71H472JA37D-0402C,-3.7500,102.0000,90.000,NO,,5,C0402
C193,GCM1555C1H102JA16D-0402C,-10.2500,104.0000,90.000,NO,,5,C0402
C194,GCM1555C1H102JA16D-0402C,-7.7500,110.3750,270.000,NO,,5,C0402
C195,GCM1555C1H102JA16D-0402C,-9.5000,101.7500,90.000,NO,,5,C0402
C196,GCM1555C1H102JA16D-0402C,-6.2500,110.3750,270.000,NO,,5,C0402
C197,GRM155R71H103KA88D-0402C,43.6250,105.5000,180.000,NO,,10,C0402
C198,GRM155R71C104KA88D-0402C,44.8750,114.5000,0.000,NO,,10,C0402
C199,GRM155R71C104KA88D-0402C,43.8750,99.0000,0.000,NO,,10,C0402
C200,GRM155R71C104KA88D-0402C,43.8750,97.0000,0.000,NO,,10,C0402
C201,GRM155R71C104KA88D-0402C,43.8750,100.0000,0.000,NO,,10,C0402
C202,GRM155R71C104KA88D-0402C,43.8750,98.0000,0.000,NO,,10,C0402
C203,GRM188R61E225KA12D-0603C,35.8750,111.0000,270.000,NO,,10,C0603
C204,GRM188R61E225KA12D-0603C,43.6250,102.0000,90.000,NO,,10,C0603
C205,GRM21BR61E106KA73L-0805C,43.3750,110.0000,0.000,NO,,10,C0805
C206,GCM155R71H472JA37D-0402C,43.6250,104.5000,180.000,NO,,5,C0402
C207,GCM155R71H472JA37D-0402C,42.1250,102.0000,90.000,NO,,5,C0402
C208,GCM155R71H472JA37D-0402C,42.8750,111.5000,0.000,NO,,5,C0402
C209,GRM155R71C104KA88D-0402C,44.8750,115.5000,0.000,NO,,10,C0402
C210,GRM155R71C104KA88D-0402C,44.8750,112.5000,0.000,NO,,10,C0402
C211,GRM155R71C104KA88D-0402C,44.8750,113.5000,0.000,NO,,10,C0402
C212,GRM155R71H103KA88D-0402C,35.6250,107.7500,270.000,NO,,10,C0402
C213,GRM155R71H103KA88D-0402C,38.1250,101.6250,90.000,NO,,10,C0402
C214,GCM155R71H472JA37D-0402C,39.6250,101.6250,90.000,NO,,5,C0402
C215,GCM1555C1H102JA16D-0402C,36.3750,101.7500,90.000,NO,,5,C0402
C216,GCM1555C1H102JA16D-0402C,38.1250,110.3750,270.000,NO,,5,C0402
C217,GCM1555C1H102JA16D-0402C,39.6250,110.3750,270.000,NO,,5,C0402
C218,GCM1555C1H102JA16D-0402C,35.6250,104.0000,90.000,NO,,5,C0402
C219,GRM155R60J475ME47D-0402C,102.0000,95.0000,270.000,YES,,20,C0402
C220,GRM155R60J475ME47D-0402C,104.5000,95.0000,270.000,YES,,20,C0402
C221,GRM155R61C474KE01D-0402C,102.5000,104.0000,90.000,YES,,10,C0402
C222,GRM155R61C474KE01D-0402C,97.5000,100.0000,270.000,YES,,10,C0402
C223,GRM155R61C474KE01D-0402C,103.5000,100.0000,270.000,YES,,10,C0402
C224,GRM155R61C474KE01D-0402C,99.5000,102.0000,270.000,YES,,10,C0402
C225,GRM155R61C474KE01D-0402C,100.5000,102.0000,270.000,YES,,10,C0402
C226,GRM155R61C474KE01D-0402C,97.5000,108.0000,90.000,YES,,10,C0402
C227,GRM155R71C104KA88D-0402C,102.0000,117.0000,270.000,YES,,10,C0402
C228,GRM155R61C474KE01D-0402C,98.5000,98.0000,270.000,YES,,10,C0402
C229,GRM155R61C474KE01D-0402C,99.5000,98.0000,270.000,YES,,10,C0402
C230,GRM155R61C474KE01D-0402C,97.5000,102.0000,270.000,YES,,10,C0402
C231,GRM155R61C474KE01D-0402C,98.5000,102.0000,270.000,YES,,10,C0402
C232,GRM155R61C474KE01D-0402C,104.5000,102.0000,270.000,YES,,10,C0402
C233,GRM155R61C474KE01D-0402C,97.5000,104.0000,270.000,YES,,10,C0402
C234,GRM155R71C104KA88D-0402C,104.5000,117.0000,90.000,YES,,10,C0402
C235,GRM155R60J475ME47D-0402C,106.0000,91.5000,270.000,YES,,20,C0402
C236,GRM155R60J475ME47D-0402C,98.5000,122.0000,90.000,YES,,20,C0402
C237,GRM155R61C474KE01D-0402C,98.5000,108.0000,90.000,YES,,10,C0402
C238,GRM155R61C474KE01D-0402C,105.5000,98.0000,270.000,YES,,10,C0402
C239,GRM155R61C474KE01D-0402C,98.5000,100.0000,270.000,YES,,10,C0402
C240,GRM155R61C474KE01D-0402C,100.5000,100.0000,270.000,YES,,10,C0402
C241,GRM155R61C474KE01D-0402C,106.5000,100.0000,270.000,YES,,10,C0402
C242,GRM155R61C474KE01D-0402C,105.5000,102.0000,270.000,YES,,10,C0402
C243,GRM155R71C104KA88D-0402C,99.5000,117.0000,90.000,YES,,10,C0402
C244,GRM155R71C104KA88D-0402C,101.0000,91.5000,270.000,YES,,10,C0402
C245,GRM155R61C474KE01D-0402C,105.5000,104.0000,270.000,YES,,10,C0402
C246,GRM155R61C474KE01D-0402C,103.5000,108.0000,90.000,YES,,10,C0402
C247,GRM155R61C474KE01D-0402C,105.5000,108.0000,90.000,YES,,10,C0402
C248,GRM155R61C474KE01D-0402C,99.5000,104.0000,270.000,YES,,10,C0402
C249,GRM155R61C474KE01D-0402C,98.5000,104.0000,270.000,YES,,10,C0402
C250,GRM155R61C474KE01D-0402C,104.5000,108.0000,90.000,YES,,10,C0402
C251,GRM155R71C104KA88D-0402C,99.5000,95.0000,270.000,YES,,10,C0402
C252,GRM155R71C104KA88D-0402C,104.0000,91.5000,270.000,YES,,10,C0402
C253,GRM155R60J475ME47D-0402C,99.5000,100.0000,270.000,YES,,20,C0402
C254,GRM155R60J475ME47D-0402C,104.5000,98.0000,270.000,YES,,20,C0402
C255,GRM155R60J475ME47D-0402C,103.5000,98.0000,270.000,YES,,20,C0402
C256,GRM155R60J475ME47D-0402C,99.5000,108.0000,90.000,YES,,20,C0402
C257,GRM155R60J475ME47D-0402C,104.5000,104.0000,270.000,YES,,20,C0402
C258,GRM155R60J475ME47D-0402C,106.5000,102.0000,270.000,YES,,20,C0402
C259,GRM155R71C104KA88D-0402C,102.0000,122.0000,90.000,YES,,10,C0402
C260,GRM155R60J475ME47D-0402C,103.5000,102.0000,270.000,YES,,20,C0402
C261,GRM155R60J475ME47D-0402C,104.5000,100.0000,270.000,YES,,20,C0402
C262,GRM155R60J475ME47D-0402C,106.5000,98.0000,270.000,YES,,20,C0402
C263,GRM155R60J475ME47D-0402C,100.5000,98.0000,270.000,YES,,20,C0402
C264,GRM155R60J475ME47D-0402C,106.5000,104.0000,270.000,YES,,20,C0402
C265,GRM155R60J475ME47D-0402C,105.5000,100.0000,270.000,YES,,20,C0402
C266,GRM155R71C104KA88D-0402C,105.5000,122.0000,90.000,YES,,10,C0402
C267,GRM31CR60J227ME11L-1206C,111.5000,87.0000,180.000,NO,,20,C1206Q
C268,GRM31CR60J227ME11L-1206C,121.0000,94.0000,90.000,YES,,20,C1206Q
C269,GRM31CR60J227ME11L-1206C,83.0000,91.5000,270.000,NO,,20,C1206Q
C270,GRM31CR60J227ME11L-1206C,121.0000,110.0000,270.000,YES,,20,C1206Q
C271,GRM21BR60J107ME15L-0805C,115.5000,125.0000,0.000,NO,,20,C0805
C272,GRM21BR60J107ME15L-0805C,108.5000,125.0000,0.000,NO,,20,C0805
C273,GRM155R61C474KE01D-0402C,104.5000,112.0000,90.000,YES,,10,C0402
C274,GRM155R61C474KE01D-0402C,99.5000,106.0000,90.000,YES,,10,C0402
C275,GRM155R61C474KE01D-0402C,103.5000,106.0000,270.000,YES,,10,C0402
C276,GRM155R61C474KE01D-0402C,98.5000,114.0000,90.000,YES,,10,C0402
C277,GRM155R61C474KE01D-0402C,99.5000,110.0000,90.000,YES,,10,C0402
C278,GRM155R61C474KE01D-0402C,99.5000,112.0000,90.000,YES,,10,C0402
C279,GRM155R61C474KE01D-0402C,101.5000,98.0000,270.000,YES,,10,C0402
C280,GRM155R61C474KE01D-0402C,102.5000,98.0000,270.000,YES,,10,C0402
C281,GRM155R61C474KE01D-0402C,105.5000,112.0000,90.000,YES,,10,C0402
C282,GRM155R61C474KE01D-0402C,106.5000,106.0000,270.000,YES,,10,C0402
C283,GRM155R61C474KE01D-0402C,97.5000,114.0000,90.000,YES,,10,C0402
C284,GRM155R61C474KE01D-0402C,100.5000,114.0000,90.000,YES,,10,C0402
C285,GRM155R61C474KE01D-0402C,98.5000,110.0000,90.000,YES,,10,C0402
C286,GRM155R61C474KE01D-0402C,100.5000,112.0000,90.000,YES,,10,C0402
C287,GRM155R61C474KE01D-0402C,102.5000,114.0000,90.000,YES,,10,C0402
C288,GRM155R61C474KE01D-0402C,101.5000,110.0000,90.000,YES,,10,C0402
C289,GRM155R61C474KE01D-0402C,97.5000,106.0000,90.000,YES,,10,C0402
C290,GRM155R61C474KE01D-0402C,106.5000,112.0000,90.000,YES,,10,C0402
C291,GRM155R61C474KE01D-0402C,106.5000,108.0000,90.000,YES,,10,C0402
C292,GRM155R61C474KE01D-0402C,100.5000,104.0000,270.000,YES,,10,C0402
C293,GRM155R61C474KE01D-0402C,97.5000,110.0000,90.000,YES,,10,C0402
C294,GRM155R61C474KE01D-0402C,106.5000,110.0000,90.000,YES,,10,C0402
C295,GRM155R61C474KE01D-0402C,101.5000,100.0000,270.000,YES,,10,C0402
C296,GRM155R60J475ME47D-0402C,102.5000,102.0000,270.000,YES,,20,C0402
C297,GRM155R61C474KE01D-0402C,104.5000,114.0000,90.000,YES,,10,C0402
C298,GRM155R61C474KE01D-0402C,103.5000,112.0000,90.000,YES,,10,C0402
C299,GRM155R61C474KE01D-0402C,103.5000,104.0000,270.000,YES,,10,C0402
C300,GRM155R61C474KE01D-0402C,100.5000,108.0000,90.000,YES,,10,C0402
C301,GRM155R61C474KE01D-0402C,100.5000,110.0000,90.000,YES,,10,C0402
C302,GRM155R61C474KE01D-0402C,98.5000,112.0000,90.000,YES,,10,C0402
C303,GRM155R61C474KE01D-0402C,102.5000,100.0000,270.000,YES,,10,C0402
C304,GRM155R60J475ME47D-0402C,101.5000,102.0000,270.000,YES,,20,C0402
C305,GRM155R60J475ME47D-0402C,104.5000,106.0000,270.000,YES,,20,C0402
C306,GRM155R60J475ME47D-0402C,105.5000,114.0000,90.000,YES,,20,C0402
C307,GRM155R60J475ME47D-0402C,99.5000,114.0000,90.000,YES,,20,C0402
C308,GRM155R60J475ME47D-0402C,103.5000,114.0000,90.000,YES,,20,C0402
C309,GRM155R60J475ME47D-0402C,105.5000,110.0000,90.000,YES,,20,C0402
C310,GRM155R60J475ME47D-0402C,97.5000,112.0000,90.000,YES,,20,C0402
C311,GRM155R60J475ME47D-0402C,102.5000,112.0000,90.000,YES,,20,C0402
C312,GRM155R60J475ME47D-0402C,102.5000,110.0000,90.000,YES,,20,C0402
C313,GRM155R60J475ME47D-0402C,106.5000,114.0000,90.000,YES,,20,C0402
C314,GRM155R60J475ME47D-0402C,105.5000,106.0000,90.000,YES,,20,C0402
C315,GRM155R60J475ME47D-0402C,98.5000,106.0000,270.000,YES,,20,C0402
C316,GRM155R60J475ME47D-0402C,100.5000,106.0000,90.000,YES,,20,C0402
C317,GRM155R60J475ME47D-0402C,104.5000,110.0000,90.000,YES,,20,C0402
C318,GRM155R60J475ME47D-0402C,103.5000,110.0000,90.000,YES,,20,C0402
C319,GRM155R60J475ME47D-0402C,101.5000,112.0000,90.000,YES,,20,C0402
C320,GRM155R60J475ME47D-0402C,101.5000,114.0000,90.000,YES,,20,C0402
C321,GRM21BR60J107ME15L-0805C,100.5000,87.0000,0.000,NO,,20,C0805
C322,GRM21BR60J107ME15L-0805C,105.0000,87.0000,180.000,NO,,20,C0805
C323,GRM188R61A475KAAJD-0603C,95.5000,106.0000,180.000,YES,,10,C0603
C324,GRM188R61A475KAAJD-0603C,108.5000,106.0000,0.000,YES,,10,C0603
C325,GRM188R61A475KAAJD-0603C,92.5000,106.0000,180.000,YES,,10,C0603
C326,GRM155R71C104KA88D-0402C,96.5000,101.0000,90.000,YES,,10,C0402
C327,GRM155R71C104KA88D-0402C,96.5000,103.0000,90.000,YES,,10,C0402
C328,GRM155R71C104KA88D-0402C,96.5000,108.0000,90.000,YES,,10,C0402
C329,GRM155R71C104KA88D-0402C,96.5000,112.0000,90.000,YES,,10,C0402
C330,GRM155R71C104KA88D-0402C,96.5000,110.0000,90.000,YES,,10,C0402
C331,GRM155R71C104KA88D-0402C,107.5000,110.0000,270.000,YES,,10,C0402
C332,GRM155R71C104KA88D-0402C,107.5000,112.0000,270.000,YES,,10,C0402
C333,GRM155R71C104KA88D-0402C,107.5000,108.0000,270.000,YES,,10,C0402
C334,GRM155R71C104KA88D-0402C,107.5000,102.0000,270.000,YES,,10,C0402
C335,GRM155R71C104KA88D-0402C,107.5000,104.0000,270.000,YES,,10,C0402
C336,GRM155R71C104KA88D-0402C,107.5000,100.0000,270.000,YES,,10,C0402
C337,GRM155R61C474KE01D-0402C,97.5000,98.0000,270.000,YES,,10,C0402
C338,GRM155R61C474KE01D-0402C,107.5000,98.0000,270.000,YES,,10,C0402
C339,GRM155R60J475ME47D-0402C,108.5000,99.0000,270.000,YES,,20,C0402
C340,GRM188R61C106KAALD-0603C,114.0000,124.5000,0.000,YES,,10,C0603
C341,GRM155R61C474KE01D-0402C,107.5000,96.0000,270.000,YES,,10,C0402
C342,GRM155R61C474KE01D-0402C,108.5000,93.0000,270.000,YES,,10,C0402
C343,GRM155R61C474KE01D-0402C,111.5000,94.0000,270.000,YES,,10,C0402
C344,GRM188R61C106KAALD-0603C,83.5000,118.5000,270.000,YES,,10,C0603
C345,GRM155R61C474KE01D-0402C,118.5000,114.0000,270.000,YES,,10,C0402
C346,GRM155R61C474KE01D-0402C,113.5000,109.0000,270.000,YES,,10,C0402
C347,GRM155R61C474KE01D-0402C,110.5000,108.0000,270.000,YES,,10,C0402
C348,GRM155R61C474KE01D-0402C,109.5000,100.0000,270.000,YES,,10,C0402
C349,GRM155R61C474KE01D-0402C,110.5000,97.0000,270.000,YES,,10,C0402
C350,GRM155R61C474KE01D-0402C,114.5000,95.0000,270.000,YES,,10,C0402
C351,GRM188R60J476ME15D-0603C,120.5000,103.5000,270.000,YES,,20,C0603
C352,GRM155R61C474KE01D-0402C,111.5000,115.0000,270.000,YES,,10,C0402
C353,GRM155R61C474KE01D-0402C,116.5000,110.0000,270.000,YES,,10,C0402
C354,GRM155R61C474KE01D-0402C,115.5000,113.0000,270.000,YES,,10,C0402
C355,GRM155R61C474KE01D-0402C,112.5000,101.0000,270.000,YES,,10,C0402
C356,GRM155R61C474KE01D-0402C,113.5000,98.0000,270.000,YES,,10,C0402
C357,GRM155R61C474KE01D-0402C,117.5000,96.0000,270.000,YES,,10,C0402
C358,GRM155R61C474KE01D-0402C,112.5000,112.0000,270.000,YES,,10,C0402
C359,GRM155R61C474KE01D-0402C,109.5000,111.0000,270.000,YES,,10,C0402
C360,GRM155R61C474KE01D-0402C,92.5000,103.0000,270.000,YES,,10,C0402
C361,GRM155R61C474KE01D-0402C,116.5000,99.0000,270.000,YES,,10,C0402
C362,GRM155R61C474KE01D-0402C,115.5000,102.0000,270.000,YES,,10,C0402
C363,GRM155R61C474KE01D-0402C,91.5000,117.0000,270.000,YES,,10,C0402
C364,GRM188R61C106KAALD-0603C,112.0000,89.0000,180.000,YES,,10,C0603
C365,GRM155R61C474KE01D-0402C,110.5000,118.0000,270.000,YES,,10,C0402
C366,GRM155R61C474KE01D-0402C,117.5000,117.0000,270.000,YES,,10,C0402
C367,GRM155R61C474KE01D-0402C,114.5000,116.0000,270.000,YES,,10,C0402
C368,GRM188R61C106KAALD-0603C,91.0000,89.0000,0.000,YES,,10,C0603
C369,GRM188R61C106KAALD-0603C,118.5000,124.5000,180.000,YES,,10,C0603
C370,GRM155R61C474KE01D-0402C,87.5000,109.0000,270.000,YES,,10,C0402
C371,GRM155R61C474KE01D-0402C,90.5000,110.0000,270.000,YES,,10,C0402
C372,GRM155R61C474KE01D-0402C,92.5000,109.0000,90.000,YES,,10,C0402
C373,GRM188R61C106KAALD-0603C,113.0000,106.0000,0.000,YES,,10,C0603
C374,GRM155R61C474KE01D-0402C,94.5000,97.0000,270.000,YES,,10,C0402
C375,GRM155R61C474KE01D-0402C,85.5000,99.0000,90.000,YES,,10,C0402
C376,GRM155R61C474KE01D-0402C,93.5000,111.0000,270.000,YES,,10,C0402
C377,GRM155R61C474KE01D-0402C,86.0000,108.5000,0.000,YES,,10,C0402
C378,GRM155R61C474KE01D-0402C,95.5000,108.0000,270.000,YES,,10,C0402
C379,GRM155R61C474KE01D-0402C,101.5000,104.0000,270.000,YES,,10,C0402
C380,GRM188R60J476ME15D-0603C,120.5000,122.5000,270.000,YES,,20,C0603
C381,GRM155R61C474KE01D-0402C,91.5000,96.0000,270.000,YES,,10,C0402
C382,GRM155R61C474KE01D-0402C,89.5000,113.0000,270.000,YES,,10,C0402
C383,GRM155R61C474KE01D-0402C,92.5000,114.0000,270.000,YES,,10,C0402
C384,GRM155R61C474KE01D-0402C,116.5000,120.0000,270.000,YES,,10,C0402
C385,GRM155R61C474KE01D-0402C,113.5000,119.0000,270.000,YES,,10,C0402
C386,GRM155R61C474KE01D-0402C,112.5000,122.0000,270.000,YES,,10,C0402
C387,GRM155R61C474KE01D-0402C,88.5000,95.0000,270.000,YES,,10,C0402
C388,GRM155R61C474KE01D-0402C,87.5000,98.0000,270.000,YES,,10,C0402
C389,GRM155R61C474KE01D-0402C,85.5000,115.0000,270.000,YES,,10,C0402
C390,GRM155R61C474KE01D-0402C,87.5000,103.0000,90.000,YES,,10,C0402
C391,GRM155R61C474KE01D-0402C,109.5000,121.0000,270.000,YES,,10,C0402
C392,GRM155R61C474KE01D-0402C,108.5000,116.0000,90.000,YES,,10,C0402
C393,GRM188R61C106KAALD-0603C,95.0000,124.0000,0.000,YES,,10,C0603
C394,GRM155R61C474KE01D-0402C,85.5000,94.0000,270.000,YES,,10,C0402
C395,GRM155R61C474KE01D-0402C,86.5000,112.0000,270.000,YES,,10,C0402
C396,GRM155R61C474KE01D-0402C,88.5000,116.0000,270.000,YES,,10,C0402
C397,GRM188R61C106KAALD-0603C,116.5000,106.0000,0.000,YES,,10,C0603
C398,GRM188R61C106KAALD-0603C,83.5000,99.0000,270.000,NO,,10,C0603
C399,GRM155R61C474KE01D-0402C,93.5000,100.0000,270.000,YES,,10,C0402
C400,GRM155R61C474KE01D-0402C,86.5000,122.0000,270.000,YES,,10,C0402
C401,GRM155R61C474KE01D-0402C,87.5000,119.0000,270.000,YES,,10,C0402
C402,GRM155R61C474KE01D-0402C,89.5000,92.0000,270.000,YES,,10,C0402
C403,GRM155R61C474KE01D-0402C,92.5000,93.0000,270.000,YES,,10,C0402
C404,GRM155R61C474KE01D-0402C,115.5000,92.0000,270.000,YES,,10,C0402
C405,GRM155R61C474KE01D-0402C,86.5000,91.0000,270.000,YES,,10,C0402
C406,GRM155R61C474KE01D-0402C,85.5000,120.0000,90.000,YES,,10,C0402
C407,GRM155R61C474KE01D-0402C,118.5000,93.0000,270.000,YES,,10,C0402
C408,GRM155R61C474KE01D-0402C,94.5000,92.0000,90.000,YES,,10,C0402
C409,GRM155R61C474KE01D-0402C,109.5000,90.0000,270.000,YES,,10,C0402
C410,GRM155R61C474KE01D-0402C,112.5000,91.0000,270.000,YES,,10,C0402
C411,GRM188R61C106KAALD-0603C,83.5000,118.5000,90.000,NO,,10,C0603
C412,GRM188R61E225KA12D-0603C,123.0000,138.5000,270.000,YES,,10,C0603
C413,GRM155R71C104KA88D-0402C,124.0000,141.0000,0.000,YES,,10,C0402
C414,GRM155R71C104KA88D-0402C,122.0000,141.0000,180.000,YES,,10,C0402
C415,GRM188R61C106KAALD-0603C,86.0000,89.0000,180.000,YES,,10,C0603
C416,GRM155R61C474KE01D-0402C,89.5000,102.0000,270.000,YES,,10,C0402
C417,GRM155R61C474KE01D-0402C,117.5000,91.0000,90.000,YES,,10,C0402
C418,GRM155R61C474KE01D-0402C,88.5000,90.0000,90.000,YES,,10,C0402
C419,GRM155R61C474KE01D-0402C,118.5000,109.0000,90.000,YES,,10,C0402
C420,GRM155R61C474KE01D-0402C,85.5000,104.0000,270.000,YES,,10,C0402
C421,GRM155R61C474KE01D-0402C,94.5000,121.0000,270.000,YES,,10,C0402
C422,GRM155R61C474KE01D-0402C,114.5000,90.0000,90.000,YES,,10,C0402
C423,GRM155R61C474KE01D-0402C,91.5000,91.0000,90.000,YES,,10,C0402
C424,GRM155R61C474KE01D-0402C,115.5000,108.0000,90.000,YES,,10,C0402
C425,GRM188R61E225KA12D-0603C,116.5000,143.5000,270.000,NO,,10,C0603
C426,GRM155R71C104KA88D-0402C,118.0000,143.0000,270.000,NO,,10,C0402
C427,GRM155R61C474KE01D-0402C,118.5000,103.0000,270.000,YES,,10,C0402
C428,GRM155R61C474KE01D-0402C,111.5000,104.0000,270.000,YES,,10,C0402
C429,GRM155R61C474KE01D-0402C,91.5000,122.0000,90.000,YES,,10,C0402
C430,GRM188R61C106KAALD-0603C,116.5000,87.0000,180.000,NO,,10,C0603
C431,GRM155R71H103KA88D-0402C,127.0000,89.0000,90.000,NO,,10,C0402
C432,GRM155R71C104KA88D-0402C,26.5000,79.5000,270.000,NO,,10,C0402
C433,GRM155R71C104KA88D-0402C,17.5000,42.5000,0.000,YES,,10,C0402
C434,GRM155R71C104KA88D-0402C,-2.5000,42.5000,0.000,YES,,10,C0402
C435,GRM155R71C104KA88D-0402C,-17.0000,48.5000,270.000,YES,,10,C0402
C436,GRM155R71C104KA88D-0402C,-17.0000,54.5000,90.000,YES,,10,C0402
C437,GRM155R71C104KA88D-0402C,-17.0000,58.5000,90.000,YES,,10,C0402
C438,GRM155R71C104KA88D-0402C,10.5000,87.0000,0.000,YES,,10,C0402
C439,GRM155R71C104KA88D-0402C,-14.5000,87.0000,0.000,YES,,10,C0402
C440,GRM155R71C104KA88D-0402C,11.0000,41.5000,180.000,YES,,10,C0402
C441,GRM155R71C104KA88D-0402C,11.5000,37.0000,90.000,YES,,10,C0402
C442,GRM155R71C104KA88D-0402C,9.5000,37.0000,90.000,YES,,10,C0402
C443,GRM155R71C104KA88D-0402C,-17.0000,63.5000,270.000,YES,,10,C0402
C444,GRM155R71C104KA88D-0402C,-3.0000,87.0000,180.000,YES,,10,C0402
C445,GRM155R71C104KA88D-0402C,14.5000,87.0000,0.000,YES,,10,C0402
C446,GRM155R71C104KA88D-0402C,18.5000,88.0000,0.000,YES,,10,C0402
C447,GRM155R71C104KA88D-0402C,-10.5000,88.0000,180.000,YES,,10,C0402
C448,GRM155R71C104KA88D-0402C,8.5000,39.0000,180.000,YES,,10,C0402
C449,GRM155R71H103KA88D-0402C,11.0000,32.5000,0.000,YES,,10,C0402
C450,GRM155R71H103KA88D-0402C,17.5000,41.5000,0.000,YES,,10,C0402
C451,GRM155R71C104KA88D-0402C,-17.0000,68.5000,90.000,YES,,10,C0402
C452,GRM155R71C104KA88D-0402C,6.0000,44.5000,270.000,YES,,10,C0402
C453,GRM155R71C104KA88D-0402C,-7.0000,87.0000,0.000,YES,,10,C0402
C454,GRM155R71C104KA88D-0402C,25.0000,53.5000,90.000,YES,,10,C0402
C455,GRM155R71C104KA88D-0402C,22.5000,45.0000,180.000,YES,,10,C0402
C456,GRM155R71H103KA88D-0402C,20.0000,37.0000,90.000,YES,,10,C0402
C457,GRM155R71C104KA88D-0402C,17.0000,32.5000,180.000,YES,,10,C0402
C458,GRM155R71H103KA88D-0402C,19.0000,37.0000,90.000,YES,,10,C0402
C459,GRM155R71C104KA88D-0402C,25.0000,56.0000,270.000,YES,,10,C0402
C460,GRM155R71C104KA88D-0402C,25.0000,62.5000,270.000,YES,,10,C0402
C461,GRM155R71C104KA88D-0402C,25.0000,65.5000,90.000,YES,,10,C0402
C462,GRM155R71C104KA88D-0402C,25.0000,47.5000,90.000,YES,,10,C0402
C463,GRM155R71C104KA88D-0402C,-14.5000,45.0000,0.000,YES,,10,C0402
C464,GRM155R71H103KA88D-0402C,20.0000,39.0000,0.000,YES,,10,C0402
C465,GRM155R71C104KA88D-0402C,19.0000,32.5000,0.000,YES,,10,C0402
C466,GRM155R71H103KA88D-0402C,8.5000,37.0000,90.000,YES,,10,C0402
C467,GRM155R71C104KA88D-0402C,-9.0000,45.0000,180.000,YES,,10,C0402
C468,GRM155R71C104KA88D-0402C,-11.5000,45.0000,0.000,YES,,10,C0402
C469,GRM155R71C104KA88D-0402C,25.0000,79.5000,270.000,YES,,10,C0402
C470,GRM155R71C104KA88D-0402C,25.0000,76.0000,270.000,YES,,10,C0402
C471,GRM155R71H103KA88D-0402C,9.0000,32.5000,180.000,YES,,10,C0402
C472,GRM155R71H103KA88D-0402C,15.0000,32.5000,180.000,YES,,10,C0402
C473,GRM21BR61E106KA73L-0805C,22.0000,37.0000,270.000,NO,,10,C0805
C474,GRM155R71C104KA88D-0402C,15.0000,45.0000,180.000,YES,,10,C0402
C475,GRM155R71C104KA88D-0402C,19.5000,45.0000,0.000,YES,,10,C0402
C476,GRM155R71C104KA88D-0402C,23.0000,87.0000,180.000,YES,,10,C0402
C477,GRM155R71C104KA88D-0402C,25.0000,84.5000,270.000,YES,,10,C0402
C478,GRM21BR61E106KA73L-0805C,6.0000,37.0000,270.000,NO,,10,C0805
C479,GRM31CR60J227ME11L-1206C,-16.5000,43.5000,0.000,NO,,20,C1206Q
C480,GRM31CR60J227ME11L-1206C,25.0000,43.5000,180.000,NO,,20,C1206Q
C481,GRM31CR60J227ME11L-1206C,29.5000,86.5000,270.000,NO,,20,C1206Q
C482,GRM31CR60J227ME11L-1206C,26.5000,86.5000,270.000,NO,,20,C1206Q
C483,GRM155R71C104KA88D-0402C,-3.0000,32.5000,180.000,YES,,10,C0402
C484,GRM155R71C104KA88D-0402C,-9.0000,41.5000,180.000,YES,,10,C0402
C485,GRM155R71C104KA88D-0402C,-1.0000,32.5000,0.000,YES,,10,C0402
C486,GRM155R71C104KA88D-0402C,-8.5000,37.0000,90.000,YES,,10,C0402
C487,GRM155R71H103KA88D-0402C,-11.0000,32.5000,180.000,YES,,10,C0402
C488,GRM155R71H103KA88D-0402C,-1.0000,37.0000,90.000,YES,,10,C0402
C489,GRM155R71H103KA88D-0402C,-9.0000,32.5000,0.000,YES,,10,C0402
C490,GRM155R71C104KA88D-0402C,-10.5000,37.0000,90.000,YES,,10,C0402
C491,GRM155R71H103KA88D-0402C,-2.5000,41.5000,0.000,YES,,10,C0402
C492,GRM155R71H103KA88D-0402C,0.0000,39.0000,0.000,YES,,10,C0402
C493,GRM155R71C104KA88D-0402C,-11.5000,39.0000,180.000,YES,,10,C0402
C494,GRM155R71H103KA88D-0402C,-11.5000,37.0000,90.000,YES,,10,C0402
C495,GRM155R71H103KA88D-0402C,0.0000,37.0000,90.000,YES,,10,C0402
C496,GRM155R71H103KA88D-0402C,-5.0000,32.5000,180.000,YES,,10,C0402
C497,GRM21BR61E106KA73L-0805C,-14.0000,37.0000,270.000,NO,,10,C0805
C498,GRM155R61A105KE15D-0402C,25.0000,59.0000,90.000,YES,,10,C0402
C499,GRM155R61A105KE15D-0402C,25.0000,74.0000,270.000,YES,,10,C0402
C500,GRM155R61A105KE15D-0402C,4.5000,87.5000,90.000,YES,,10,C0402
C501,GRM155R61A105KE15D-0402C,4.5000,44.5000,270.000,YES,,10,C0402
C502,GRM21BR61E106KA73L-0805C,2.0000,37.0000,270.000,NO,,10,C0805
C503,GRM21BR61E106KA73L-0805C,27.5000,60.5000,0.000,YES,,10,C0805
C504,GRM21BR61E106KA73L-0805C,26.5000,73.5000,270.000,YES,,10,C0805
C505,GRM21BR61E106KA73L-0805C,3.0000,88.0000,90.000,YES,,10,C0805
C506,GRM21BR61E106KA73L-0805C,1.0000,44.0000,270.000,YES,,10,C0805
C507,GRM155R71C104KA88D-0402C,0.5000,87.5000,90.000,YES,,10,C0402
C508,GRM155R71C104KA88D-0402C,1.5000,87.5000,90.000,YES,,10,C0402
C509,GRM155R71C104KA88D-0402C,74.5000,79.5000,270.000,NO,,10,C0402
C510,GRM155R71C104KA88D-0402C,65.5000,42.5000,0.000,YES,,10,C0402
C511,GRM155R71C104KA88D-0402C,45.5000,42.5000,0.000,YES,,10,C0402
C512,GRM155R71C104KA88D-0402C,31.0000,48.0000,0.000,YES,,10,C0402
C513,GRM155R71C104KA88D-0402C,68.0000,45.0000,0.000,YES,,10,C0402
C514,GRM155R71C104KA88D-0402C,73.0000,62.5000,270.000,YES,,10,C0402
C515,GRM155R71C104KA88D-0402C,70.5000,45.0000,180.000,YES,,10,C0402
C516,GRM155R71C104KA88D-0402C,73.0000,50.5000,270.000,YES,,10,C0402
C517,GRM155R71C104KA88D-0402C,39.0000,41.5000,180.000,YES,,10,C0402
C518,GRM155R71C104KA88D-0402C,39.5000,37.0000,90.000,YES,,10,C0402
C519,GRM155R71C104KA88D-0402C,37.5000,37.0000,90.000,YES,,10,C0402
C520,GRM155R71C104KA88D-0402C,31.0000,53.5000,90.000,YES,,10,C0402
C521,GRM155R71C104KA88D-0402C,73.0000,56.5000,270.000,YES,,10,C0402
C522,GRM155R71C104KA88D-0402C,73.0000,66.0000,90.000,YES,,10,C0402
C523,GRM155R71C104KA88D-0402C,73.0000,47.5000,90.000,YES,,10,C0402
C524,GRM155R71C104KA88D-0402C,71.0000,87.0000,180.000,YES,,10,C0402
C525,GRM155R71C104KA88D-0402C,45.0000,32.5000,180.000,YES,,10,C0402
C526,GRM155R71H103KA88D-0402C,39.0000,32.5000,0.000,YES,,10,C0402
C527,GRM155R71H103KA88D-0402C,48.0000,37.0000,90.000,YES,,10,C0402
C528,GRM155R71C104KA88D-0402C,39.0000,45.0000,180.000,YES,,10,C0402
C529,GRM155R71C104KA88D-0402C,63.5000,88.0000,0.000,YES,,10,C0402
C530,GRM155R71C104KA88D-0402C,47.0000,88.0000,180.000,YES,,10,C0402
C531,GRM155R71C104KA88D-0402C,73.0000,79.5000,270.000,YES,,10,C0402
C532,GRM155R71C104KA88D-0402C,73.0000,84.5000,270.000,YES,,10,C0402
C533,GRM155R71H103KA88D-0402C,45.5000,41.5000,0.000,YES,,10,C0402
C534,GRM155R71C104KA88D-0402C,47.0000,32.5000,0.000,YES,,10,C0402
C535,GRM155R71H103KA88D-0402C,47.0000,37.0000,90.000,YES,,10,C0402
C536,GRM155R71C104KA88D-0402C,36.5000,45.0000,180.000,YES,,10,C0402
C537,GRM155R71C104KA88D-0402C,42.0000,88.0000,0.000,YES,,10,C0402
C538,GRM155R71C104KA88D-0402C,31.0000,68.5000,90.000,YES,,10,C0402
C539,GRM155R71C104KA88D-0402C,73.0000,76.0000,270.000,YES,,10,C0402
C540,GRM155R71C104KA88D-0402C,66.5000,88.0000,0.000,YES,,10,C0402
C541,GRM155R71H103KA88D-0402C,43.0000,32.5000,180.000,YES,,10,C0402
C542,GRM155R71C104KA88D-0402C,36.5000,39.0000,180.000,YES,,10,C0402
C543,GRM155R71H103KA88D-0402C,48.0000,39.0000,0.000,YES,,10,C0402
C544,GRM155R71C104KA88D-0402C,54.0000,44.5000,270.000,YES,,10,C0402
C545,GRM155R71C104KA88D-0402C,31.0000,63.5000,270.000,YES,,10,C0402
C546,GRM155R71C104KA88D-0402C,58.5000,88.0000,0.000,YES,,10,C0402
C547,GRM155R71C104KA88D-0402C,37.5000,88.0000,180.000,YES,,10,C0402
C548,GRM155R71H103KA88D-0402C,37.0000,32.5000,180.000,YES,,10,C0402
C549,GRM155R71H103KA88D-0402C,36.5000,37.0000,90.000,YES,,10,C0402
C550,GRM21BR61E106KA73L-0805C,50.0000,37.0000,270.000,NO,,10,C0805
C551,GRM155R71C104KA88D-0402C,31.0000,58.5000,90.000,YES,,10,C0402
C552,GRM155R71C104KA88D-0402C,62.5000,45.0000,180.000,YES,,10,C0402
C553,GRM155R71C104KA88D-0402C,33.5000,87.0000,0.000,YES,,10,C0402
C554,GRM155R71C104KA88D-0402C,33.5000,45.0000,0.000,YES,,10,C0402
C555,GRM21BR61E106KA73L-0805C,34.0000,37.0000,270.000,NO,,10,C0805
C556,GRM31CR60J227ME11L-1206C,32.0000,43.5000,0.000,NO,,20,C1206Q
C557,GRM31CR60J227ME11L-1206C,68.5000,43.5000,180.000,NO,,20,C1206Q
C558,GRM31CR60J227ME11L-1206C,75.0000,86.5000,90.000,YES,,20,C1206Q
C559,GRM31CR60J227ME11L-1206C,75.0000,86.5000,270.000,NO,,20,C1206Q
C560,GRM155R71C104KA88D-0402C,59.0000,41.5000,180.000,YES,,10,C0402
C561,GRM155R71C104KA88D-0402C,59.5000,37.0000,90.000,YES,,10,C0402
C562,GRM155R71C104KA88D-0402C,67.0000,32.5000,0.000,YES,,10,C0402
C563,GRM155R71C104KA88D-0402C,56.5000,39.0000,180.000,YES,,10,C0402
C564,GRM155R71H103KA88D-0402C,68.0000,37.0000,90.000,YES,,10,C0402
C565,GRM155R71H103KA88D-0402C,57.0000,32.5000,180.000,YES,,10,C0402
C566,GRM155R71H103KA88D-0402C,67.0000,37.0000,90.000,YES,,10,C0402
C567,GRM155R71C104KA88D-0402C,65.0000,32.5000,180.000,YES,,10,C0402
C568,GRM155R71H103KA88D-0402C,59.0000,32.5000,0.000,YES,,10,C0402
C569,GRM155R71H103KA88D-0402C,56.5000,37.0000,90.000,YES,,10,C0402
C570,GRM155R71C104KA88D-0402C,57.5000,37.0000,90.000,YES,,10,C0402
C571,GRM155R71H103KA88D-0402C,65.5000,41.5000,0.000,YES,,10,C0402
C572,GRM155R71H103KA88D-0402C,68.0000,39.0000,0.000,YES,,10,C0402
C573,GRM155R71H103KA88D-0402C,63.0000,32.5000,180.000,YES,,10,C0402
C574,GRM21BR61E106KA73L-0805C,70.0000,37.0000,270.000,NO,,10,C0805
C575,GRM155R61A105KE15D-0402C,73.0000,59.0000,90.000,YES,,10,C0402
C576,GRM155R61A105KE15D-0402C,73.0000,74.0000,270.000,YES,,10,C0402
C577,GRM155R61A105KE15D-0402C,52.5000,87.5000,90.000,YES,,10,C0402
C578,GRM155R61A105KE15D-0402C,52.5000,44.5000,270.000,YES,,10,C0402
C579,GRM21BR61E106KA73L-0805C,54.0000,37.0000,270.000,NO,,10,C0805
C580,GRM21BR61E106KA73L-0805C,75.5000,60.5000,0.000,YES,,10,C0805
C581,GRM21BR61E106KA73L-0805C,74.5000,73.5000,270.000,YES,,10,C0805
C582,GRM21BR61E106KA73L-0805C,51.0000,88.0000,90.000,YES,,10,C0805
C583,GRM21BR61E106KA73L-0805C,49.0000,44.0000,270.000,YES,,10,C0805
C584,GRM155R71C104KA88D-0402C,49.5000,87.5000,90.000,YES,,10,C0402
C585,GRM155R71C104KA88D-0402C,48.5000,87.5000,90.000,YES,,10,C0402
C586,GRM155R71C104KA88D-0402C,-18.5000,132.5000,90.000,NO,,10,C0402
C587,GRM155R71C104KA88D-0402C,-9.5000,169.5000,180.000,YES,,10,C0402
C588,GRM155R71C104KA88D-0402C,10.5000,169.5000,180.000,YES,,10,C0402
C589,GRM155R71C104KA88D-0402C,0.5000,167.0000,180.000,YES,,10,C0402
C590,GRM155R71C104KA88D-0402C,-17.0000,145.0000,270.000,YES,,10,C0402
C591,GRM155R71C104KA88D-0402C,-17.0000,156.0000,90.000,YES,,10,C0402
C592,GRM155R71C104KA88D-0402C,22.5000,167.0000,180.000,YES,,10,C0402
C593,GRM155R71C104KA88D-0402C,-14.5000,167.0000,0.000,YES,,10,C0402
C594,GRM155R71C104KA88D-0402C,-9.0000,179.5000,0.000,YES,,10,C0402
C595,GRM155R71C104KA88D-0402C,-11.0000,179.5000,180.000,YES,,10,C0402
C596,GRM155R71C104KA88D-0402C,-0.5000,173.0000,0.000,YES,,10,C0402
C597,GRM155R71C104KA88D-0402C,20.0000,167.0000,0.000,YES,,10,C0402
C598,GRM155R71C104KA88D-0402C,-6.0000,125.0000,180.000,YES,,10,C0402
C599,GRM155R71C104KA88D-0402C,-17.0000,149.5000,90.000,YES,,10,C0402
C600,GRM155R71C104KA88D-0402C,22.5000,125.0000,180.000,YES,,10,C0402
C601,GRM155R71C104KA88D-0402C,-17.0000,158.5000,270.000,YES,,10,C0402
C602,GRM155R71C104KA88D-0402C,-3.0000,170.5000,0.000,YES,,10,C0402
C603,GRM155R71H103KA88D-0402C,-3.0000,179.5000,180.000,YES,,10,C0402
C604,GRM155R71H103KA88D-0402C,-12.0000,173.0000,180.000,YES,,10,C0402
C605,GRM155R71C104KA88D-0402C,15.5000,167.0000,0.000,YES,,10,C0402
C606,GRM155R71C104KA88D-0402C,11.5000,125.0000,0.000,YES,,10,C0402
C607,GRM155R71C104KA88D-0402C,-12.5000,167.0000,180.000,YES,,10,C0402
C608,GRM155R71C104KA88D-0402C,18.5000,124.0000,0.000,YES,,10,C0402
C609,GRM155R71C104KA88D-0402C,-17.0000,164.5000,270.000,YES,,10,C0402
C610,GRM155R71H103KA88D-0402C,-0.5000,175.0000,270.000,YES,,10,C0402
C611,GRM155R71C104KA88D-0402C,-3.5000,175.0000,270.000,YES,,10,C0402
C612,GRM155R71H103KA88D-0402C,-1.0000,179.5000,0.000,YES,,10,C0402
C613,GRM155R71C104KA88D-0402C,25.0000,158.5000,270.000,YES,,10,C0402
C614,GRM155R71C104KA88D-0402C,14.0000,125.0000,180.000,YES,,10,C0402
C615,GRM155R71C104KA88D-0402C,-7.0000,167.0000,0.000,YES,,10,C0402
C616,GRM155R71C104KA88D-0402C,-1.0000,125.0000,180.000,YES,,10,C0402
C617,GRM155R71C104KA88D-0402C,-15.0000,125.0000,0.000,YES,,10,C0402
C618,GRM155R71H103KA88D-0402C,-9.5000,170.5000,180.000,YES,,10,C0402
C619,GRM155R71C104KA88D-0402C,-1.5000,175.0000,270.000,YES,,10,C0402
C620,GRM155R71H103KA88D-0402C,-11.0000,175.0000,270.000,YES,,10,C0402
C621,GRM155R71C104KA88D-0402C,25.0000,163.5000,270.000,YES,,10,C0402
C622,GRM155R71C104KA88D-0402C,25.0000,143.5000,270.000,YES,,10,C0402
C623,GRM155R71C104KA88D-0402C,-10.5000,124.0000,180.000,YES,,10,C0402
C624,GRM155R71C104KA88D-0402C,-17.0000,132.5000,270.000,YES,,10,C0402
C625,GRM155R71H103KA88D-0402C,-7.0000,179.5000,0.000,YES,,10,C0402
C626,GRM155R71H103KA88D-0402C,-12.0000,175.0000,270.000,YES,,10,C0402
C627,GRM21BR61E106KA73L-0805C,-14.0000,175.0000,90.000,NO,,10,C0805
C628,GRM155R71C104KA88D-0402C,25.0000,153.5000,270.000,YES,,10,C0402
C629,GRM155R71C104KA88D-0402C,25.0000,148.5000,90.000,YES,,10,C0402
C630,GRM155R71C104KA88D-0402C,-17.0000,135.5000,90.000,YES,,10,C0402
C631,GRM155R71C104KA88D-0402C,-17.0000,127.5000,90.000,YES,,10,C0402
C632,GRM21BR61E106KA73L-0805C,2.0000,175.0000,90.000,NO,,10,C0805
C633,GRM31CR60J227ME11L-1206C,24.5000,168.5000,180.000,NO,,20,C1206Q
C634,GRM31CR60J227ME11L-1206C,-17.0000,168.5000,180.000,NO,,20,C1206Q
C635,GRM31CR60J227ME11L-1206C,26.5000,124.5000,90.000,NO,,20,C1206Q
C636,GRM31CR60J227ME11L-1206C,29.5000,124.5000,90.000,NO,,20,C1206Q
C637,GRM155R71C104KA88D-0402C,17.0000,170.5000,0.000,YES,,10,C0402
C638,GRM155R71C104KA88D-0402C,11.0000,179.5000,0.000,YES,,10,C0402
C639,GRM155R71C104KA88D-0402C,16.5000,175.0000,270.000,YES,,10,C0402
C640,GRM155R71C104KA88D-0402C,9.0000,179.5000,180.000,YES,,10,C0402
C641,GRM155R71H103KA88D-0402C,19.5000,175.0000,270.000,YES,,10,C0402
C642,GRM155R71H103KA88D-0402C,17.0000,179.5000,180.000,YES,,10,C0402
C643,GRM155R71H103KA88D-0402C,19.0000,179.5000,0.000,YES,,10,C0402
C644,GRM155R71C104KA88D-0402C,18.5000,175.0000,270.000,YES,,10,C0402
C645,GRM155R71H103KA88D-0402C,8.0000,175.0000,270.000,YES,,10,C0402
C646,GRM155R71H103KA88D-0402C,10.5000,170.5000,180.000,YES,,10,C0402
C647,GRM155R71C104KA88D-0402C,19.5000,173.0000,0.000,YES,,10,C0402
C648,GRM155R71H103KA88D-0402C,8.0000,173.0000,180.000,YES,,10,C0402
C649,GRM155R71H103KA88D-0402C,13.0000,179.5000,0.000,YES,,10,C0402
C650,GRM155R71H103KA88D-0402C,9.0000,175.0000,270.000,YES,,10,C0402
C651,GRM21BR61E106KA73L-0805C,22.0000,175.0000,90.000,NO,,10,C0805
C652,GRM155R61A105KE15D-0402C,-17.0000,153.0000,270.000,YES,,10,C0402
C653,GRM155R61A105KE15D-0402C,-17.0000,138.0000,90.000,YES,,10,C0402
C654,GRM155R61A105KE15D-0402C,3.5000,124.5000,270.000,YES,,10,C0402
C655,GRM155R61A105KE15D-0402C,3.5000,167.5000,90.000,YES,,10,C0402
C656,GRM21BR61E106KA73L-0805C,6.0000,175.0000,90.000,NO,,10,C0805
C657,GRM21BR61E106KA73L-0805C,-19.5000,151.5000,180.000,YES,,10,C0805
C658,GRM21BR61E106KA73L-0805C,-18.5000,138.5000,90.000,YES,,10,C0805
C659,GRM21BR61E106KA73L-0805C,5.0000,124.0000,270.000,YES,,10,C0805
C660,GRM21BR61E106KA73L-0805C,7.0000,168.0000,90.000,YES,,10,C0805
C661,GRM155R71C104KA88D-0402C,7.5000,124.5000,270.000,YES,,10,C0402
C662,GRM155R71C104KA88D-0402C,6.5000,124.5000,270.000,YES,,10,C0402
C663,GRM155R71C104KA88D-0402C,29.5000,132.5000,90.000,NO,,10,C0402
C664,GRM155R71C104KA88D-0402C,38.5000,169.5000,180.000,YES,,10,C0402
C665,GRM155R71C104KA88D-0402C,58.5000,169.5000,180.000,YES,,10,C0402
C666,GRM155R71C104KA88D-0402C,41.0000,167.0000,0.000,YES,,10,C0402
C667,GRM155R71C104KA88D-0402C,73.0000,163.5000,270.000,YES,,10,C0402
C668,GRM155R71C104KA88D-0402C,73.0000,158.5000,270.000,YES,,10,C0402
C669,GRM155R71C104KA88D-0402C,31.0000,127.5000,90.000,YES,,10,C0402
C670,GRM155R71C104KA88D-0402C,31.0000,136.0000,90.000,YES,,10,C0402
C671,GRM155R71C104KA88D-0402C,59.0000,179.5000,0.000,YES,,10,C0402
C672,GRM155R71C104KA88D-0402C,67.5000,173.0000,0.000,YES,,10,C0402
C673,GRM155R71C104KA88D-0402C,66.5000,175.0000,270.000,YES,,10,C0402
C674,GRM155R71C104KA88D-0402C,36.5000,167.0000,180.000,YES,,10,C0402
C675,GRM155R71C104KA88D-0402C,73.0000,153.5000,270.000,YES,,10,C0402
C676,GRM155R71C104KA88D-0402C,65.0000,167.0000,0.000,YES,,10,C0402
C677,GRM155R71C104KA88D-0402C,31.0000,132.5000,90.000,YES,,10,C0402
C678,GRM155R71C104KA88D-0402C,37.5000,124.0000,180.000,YES,,10,C0402
C679,GRM155R71C104KA88D-0402C,57.0000,179.5000,180.000,YES,,10,C0402
C680,GRM155R71H103KA88D-0402C,57.0000,175.0000,270.000,YES,,10,C0402
C681,GRM155R71H103KA88D-0402C,65.0000,179.5000,180.000,YES,,10,C0402
C682,GRM155R71C104KA88D-0402C,31.0000,149.5000,90.000,YES,,10,C0402
C683,GRM155R71C104KA88D-0402C,73.0000,150.5000,90.000,YES,,10,C0402
C684,GRM155R71C104KA88D-0402C,67.5000,167.0000,0.000,YES,,10,C0402
C685,GRM155R71C104KA88D-0402C,33.0000,125.0000,0.000,YES,,10,C0402
C686,GRM155R71C104KA88D-0402C,47.0000,125.0000,180.000,YES,,10,C0402
C687,GRM155R71H103KA88D-0402C,56.0000,175.0000,270.000,YES,,10,C0402
C688,GRM155R71C104KA88D-0402C,65.0000,170.5000,0.000,YES,,10,C0402
C689,GRM155R71H103KA88D-0402C,58.5000,170.5000,180.000,YES,,10,C0402
C690,GRM155R71C104KA88D-0402C,31.0000,156.0000,90.000,YES,,10,C0402
C691,GRM155R71C104KA88D-0402C,73.0000,142.0000,270.000,YES,,10,C0402
C692,GRM155R71C104KA88D-0402C,49.5000,166.5000,0.000,YES,,10,C0402
C693,GRM155R71C104KA88D-0402C,31.0000,164.5000,270.000,YES,,10,C0402
C694,GRM155R71C104KA88D-0402C,66.5000,124.0000,0.000,YES,,10,C0402
C695,GRM155R71H103KA88D-0402C,67.0000,179.5000,0.000,YES,,10,C0402
C696,GRM155R71C104KA88D-0402C,64.5000,175.0000,270.000,YES,,10,C0402
C697,GRM155R71H103KA88D-0402C,56.0000,173.0000,180.000,YES,,10,C0402
C698,GRM155R71C104KA88D-0402C,31.0000,146.0000,270.000,YES,,10,C0402
C699,GRM155R71C104KA88D-0402C,64.0000,124.0000,180.000,YES,,10,C0402
C700,GRM155R71C104KA88D-0402C,31.0000,158.5000,270.000,YES,,10,C0402
C701,GRM155R71C104KA88D-0402C,73.0000,127.0000,90.000,YES,,10,C0402
C702,GRM155R71H103KA88D-0402C,61.0000,179.5000,0.000,YES,,10,C0402
C703,GRM155R71H103KA88D-0402C,67.5000,175.0000,270.000,YES,,10,C0402
C704,GRM21BR61E106KA73L-0805C,70.0000,175.0000,90.000,NO,,10,C0805
C705,GRM155R71C104KA88D-0402C,42.0000,125.0000,180.000,YES,,10,C0402
C706,GRM155R71C104KA88D-0402C,59.0000,124.0000,0.000,YES,,10,C0402
C707,GRM155R71C104KA88D-0402C,33.5000,167.0000,0.000,YES,,10,C0402
C708,GRM155R71C104KA88D-0402C,70.5000,167.0000,180.000,YES,,10,C0402
C709,GRM21BR61E106KA73L-0805C,54.0000,175.0000,90.000,NO,,10,C0805
C710,GRM31CR60J227ME11L-1206C,31.0000,168.5000,0.000,NO,,20,C1206Q
C711,GRM31CR60J227ME11L-1206C,72.5000,168.5000,180.000,NO,,20,C1206Q
C712,GRM31CR60J227ME11L-1206C,70.5000,123.5000,0.000,NO,,20,C1206Q
C713,GRM31CR60J227ME11L-1206C,74.5000,146.0000,90.000,NO,,20,C1206Q
C714,GRM155R71C104KA88D-0402C,39.0000,179.5000,0.000,YES,,10,C0402
C715,GRM155R71C104KA88D-0402C,44.5000,175.0000,270.000,YES,,10,C0402
C716,GRM155R71C104KA88D-0402C,45.0000,170.5000,0.000,YES,,10,C0402
C717,GRM155R71C104KA88D-0402C,37.0000,179.5000,180.000,YES,,10,C0402
C718,GRM155R71H103KA88D-0402C,45.0000,179.5000,180.000,YES,,10,C0402
C719,GRM155R71H103KA88D-0402C,36.0000,175.0000,270.000,YES,,10,C0402
C720,GRM155R71H103KA88D-0402C,38.5000,170.5000,180.000,YES,,10,C0402
C721,GRM155R71C104KA88D-0402C,46.5000,175.0000,270.000,YES,,10,C0402
C722,GRM155R71H103KA88D-0402C,36.0000,173.0000,180.000,YES,,10,C0402
C723,GRM155R71H103KA88D-0402C,47.5000,175.0000,270.000,YES,,10,C0402
C724,GRM155R71C104KA88D-0402C,47.5000,173.0000,0.000,YES,,10,C0402
C725,GRM155R71H103KA88D-0402C,47.0000,179.5000,0.000,YES,,10,C0402
C726,GRM155R71H103KA88D-0402C,37.0000,175.0000,270.000,YES,,10,C0402
C727,GRM155R71H103KA88D-0402C,41.0000,179.5000,0.000,YES,,10,C0402
C728,GRM21BR61E106KA73L-0805C,50.0000,175.0000,90.000,NO,,10,C0805
C729,GRM155R61A105KE15D-0402C,31.0000,153.0000,270.000,YES,,10,C0402
C730,GRM155R61A105KE15D-0402C,31.0000,138.0000,90.000,YES,,10,C0402
C731,GRM155R61A105KE15D-0402C,51.5000,124.5000,270.000,YES,,10,C0402
C732,GRM155R61A105KE15D-0402C,51.5000,167.5000,90.000,YES,,10,C0402
C733,GRM21BR61E106KA73L-0805C,34.0000,175.0000,90.000,NO,,10,C0805
C734,GRM21BR61E106KA73L-0805C,28.5000,151.5000,180.000,YES,,10,C0805
C735,GRM21BR61E106KA73L-0805C,29.5000,138.5000,90.000,YES,,10,C0805
C736,GRM21BR61E106KA73L-0805C,53.0000,124.0000,270.000,YES,,10,C0805
C737,GRM21BR61E106KA73L-0805C,55.0000,168.0000,90.000,YES,,10,C0805
C738,GRM155R71C104KA88D-0402C,55.5000,124.5000,270.000,YES,,10,C0402
C739,GRM155R71C104KA88D-0402C,54.5000,124.5000,270.000,YES,,10,C0402
C740,GRM155R71C104KA88D-0402C,124.0000,54.0000,180.000,NO,,10,C0402
C741,GRM155R71C104KA88D-0402C,113.5000,18.5000,0.000,YES,,10,C0402
C742,GRM155R71C104KA88D-0402C,93.5000,18.5000,0.000,YES,,10,C0402
C743,GRM155R71C104KA88D-0402C,89.0000,21.0000,180.000,YES,,10,C0402
C744,GRM155R71C104KA88D-0402C,79.0000,30.0000,90.000,YES,,10,C0402
C745,GRM155R71C104KA88D-0402C,121.0000,32.0000,270.000,YES,,10,C0402
C746,GRM155R71C104KA88D-0402C,119.0000,63.0000,180.000,YES,,10,C0402
C747,GRM155R71C104KA88D-0402C,114.5000,63.0000,0.000,YES,,10,C0402
C748,GRM155R71C104KA88D-0402C,107.0000,17.5000,180.000,YES,,10,C0402
C749,GRM155R71C104KA88D-0402C,113.0000,8.5000,180.000,YES,,10,C0402
C750,GRM155R71C104KA88D-0402C,107.5000,13.0000,90.000,YES,,10,C0402
C751,GRM155R71C104KA88D-0402C,79.0000,25.0000,270.000,YES,,10,C0402
C752,GRM155R71C104KA88D-0402C,79.0000,34.5000,90.000,YES,,10,C0402
C753,GRM155R71C104KA88D-0402C,121.0000,38.5000,270.000,YES,,10,C0402
C754,GRM155R71C104KA88D-0402C,121.0000,23.5000,90.000,YES,,10,C0402
C755,GRM155R71C104KA88D-0402C,121.0000,52.5000,270.000,YES,,10,C0402
C756,GRM155R71C104KA88D-0402C,105.5000,13.0000,90.000,YES,,10,C0402
C757,GRM155R71H103KA88D-0402C,116.0000,13.0000,90.000,YES,,10,C0402
C758,GRM155R71H103KA88D-0402C,105.0000,8.5000,180.000,YES,,10,C0402
C759,GRM155R71C104KA88D-0402C,79.0000,41.0000,270.000,YES,,10,C0402
C760,GRM155R71C104KA88D-0402C,79.0000,45.5000,90.000,YES,,10,C0402
C761,GRM155R71C104KA88D-0402C,115.5000,21.0000,0.000,YES,,10,C0402
C762,GRM155R71C104KA88D-0402C,121.0000,29.5000,90.000,YES,,10,C0402
C763,GRM155R71C104KA88D-0402C,121.0000,55.5000,270.000,YES,,10,C0402
C764,GRM155R71H103KA88D-0402C,107.0000,8.5000,0.000,YES,,10,C0402
C765,GRM155R71C104KA88D-0402C,104.5000,15.0000,180.000,YES,,10,C0402
C766,GRM155R71H103KA88D-0402C,115.0000,13.0000,90.000,YES,,10,C0402
C767,GRM155R71C104KA88D-0402C,89.0000,63.0000,0.000,YES,,10,C0402
C768,GRM155R71C104KA88D-0402C,93.0000,63.0000,180.000,YES,,10,C0402
C769,GRM155R71C104KA88D-0402C,111.0000,21.0000,180.000,YES,,10,C0402
C770,GRM155R71C104KA88D-0402C,118.5000,21.0000,180.000,YES,,10,C0402
C771,GRM155R71C104KA88D-0402C,121.0000,60.5000,270.000,YES,,10,C0402
C772,GRM155R71H103KA88D-0402C,116.0000,15.0000,0.000,YES,,10,C0402
C773,GRM155R71C104KA88D-0402C,115.0000,8.5000,0.000,YES,,10,C0402
C774,GRM155R71H103KA88D-0402C,111.0000,8.5000,180.000,YES,,10,C0402
C775,GRM155R71C104KA88D-0402C,102.0000,20.5000,270.000,YES,,10,C0402
C776,GRM155R71C104KA88D-0402C,110.5000,63.0000,0.000,YES,,10,C0402
C777,GRM155R71C104KA88D-0402C,81.5000,21.0000,0.000,YES,,10,C0402
C778,GRM155R71C104KA88D-0402C,81.5000,63.0000,0.000,YES,,10,C0402
C779,GRM155R71H103KA88D-0402C,104.5000,13.0000,90.000,YES,,10,C0402
C780,GRM155R71H103KA88D-0402C,113.5000,17.5000,0.000,YES,,10,C0402
C781,GRM21BR61E106KA73L-0805C,118.0000,13.0000,270.000,NO,,10,C0805
C782,GRM155R71C104KA88D-0402C,85.0000,21.0000,180.000,YES,,10,C0402
C783,GRM155R71C104KA88D-0402C,121.0000,42.0000,270.000,YES,,10,C0402
C784,GRM155R71C104KA88D-0402C,106.5000,63.0000,0.000,YES,,10,C0402
C785,GRM155R71C104KA88D-0402C,85.5000,64.0000,180.000,YES,,10,C0402
C786,GRM21BR61E106KA73L-0805C,102.0000,13.0000,270.000,NO,,10,C0805
C787,GRM31CR60J227ME11L-1206C,120.0000,19.5000,180.000,NO,,20,C1206Q
C788,GRM31CR60J227ME11L-1206C,79.5000,19.5000,0.000,NO,,20,C1206Q
C789,GRM31CR60J227ME11L-1206C,123.5000,40.5000,90.000,NO,,20,C1206Q
C790,GRM31CR60J227ME11L-1206C,123.5000,23.5000,90.000,NO,,20,C1206Q
C791,GRM155R71C104KA88D-0402C,87.0000,17.5000,180.000,YES,,10,C0402
C792,GRM155R71C104KA88D-0402C,93.0000,8.5000,180.000,YES,,10,C0402
C793,GRM155R71C104KA88D-0402C,85.5000,13.0000,90.000,YES,,10,C0402
C794,GRM155R71C104KA88D-0402C,95.0000,8.5000,0.000,YES,,10,C0402
C795,GRM155R71H103KA88D-0402C,95.0000,13.0000,90.000,YES,,10,C0402
C796,GRM155R71H103KA88D-0402C,84.5000,13.0000,90.000,YES,,10,C0402
C797,GRM155R71H103KA88D-0402C,91.0000,8.5000,180.000,YES,,10,C0402
C798,GRM155R71C104KA88D-0402C,87.5000,13.0000,90.000,YES,,10,C0402
C799,GRM155R71H103KA88D-0402C,85.0000,8.5000,180.000,YES,,10,C0402
C800,GRM155R71H103KA88D-0402C,87.0000,8.5000,0.000,YES,,10,C0402
C801,GRM155R71C104KA88D-0402C,84.5000,15.0000,180.000,YES,,10,C0402
C802,GRM155R71H103KA88D-0402C,96.0000,15.0000,0.000,YES,,10,C0402
C803,GRM155R71H103KA88D-0402C,96.0000,13.0000,90.000,YES,,10,C0402
C804,GRM155R71H103KA88D-0402C,93.5000,17.5000,0.000,YES,,10,C0402
C805,GRM21BR61E106KA73L-0805C,98.0000,13.0000,270.000,NO,,10,C0805
C806,GRM155R61A105KE15D-0402C,121.0000,35.0000,90.000,YES,,10,C0402
C807,GRM155R61A105KE15D-0402C,121.0000,50.0000,270.000,YES,,10,C0402
C808,GRM155R61A105KE15D-0402C,100.5000,63.5000,90.000,YES,,10,C0402
C809,GRM155R61A105KE15D-0402C,100.5000,20.5000,270.000,YES,,10,C0402
C810,GRM21BR61E106KA73L-0805C,82.0000,13.0000,270.000,NO,,10,C0805
C811,GRM21BR61E106KA73L-0805C,123.5000,36.5000,0.000,YES,,10,C0805
C812,GRM21BR61E106KA73L-0805C,122.5000,49.5000,270.000,YES,,10,C0805
C813,GRM21BR61E106KA73L-0805C,99.0000,64.0000,90.000,YES,,10,C0805
C814,GRM21BR61E106KA73L-0805C,97.0000,20.0000,270.000,YES,,10,C0805
C815,GRM155R71C104KA88D-0402C,97.5000,63.5000,90.000,YES,,10,C0402
C816,GRM155R71C104KA88D-0402C,96.5000,63.5000,90.000,YES,,10,C0402
C817,GRM155R71C104KA88D-0402C,77.5000,156.5000,90.000,NO,,10,C0402
C818,GRM155R71C104KA88D-0402C,86.5000,193.5000,180.000,YES,,10,C0402
C819,GRM155R71C104KA88D-0402C,106.5000,193.5000,180.000,YES,,10,C0402
C820,GRM155R71C104KA88D-0402C,97.0000,191.0000,0.000,YES,,10,C0402
C821,GRM155R71C104KA88D-0402C,78.5000,165.5000,270.000,YES,,10,C0402
C822,GRM155R71C104KA88D-0402C,79.0000,180.0000,90.000,YES,,10,C0402
C823,GRM155R71C104KA88D-0402C,118.5000,191.0000,180.000,YES,,10,C0402
C824,GRM155R71C104KA88D-0402C,120.5000,151.0000,90.000,YES,,10,C0402
C825,GRM155R71C104KA88D-0402C,87.0000,203.5000,0.000,YES,,10,C0402
C826,GRM155R71C104KA88D-0402C,94.5000,199.0000,270.000,YES,,10,C0402
C827,GRM155R71C104KA88D-0402C,85.0000,203.5000,180.000,YES,,10,C0402
C828,GRM155R71C104KA88D-0402C,115.5000,191.0000,0.000,YES,,10,C0402
C829,GRM155R71C104KA88D-0402C,90.0000,149.0000,180.000,YES,,10,C0402
C830,GRM155R71C104KA88D-0402C,79.0000,173.5000,90.000,YES,,10,C0402
C831,GRM155R71C104KA88D-0402C,93.5000,149.0000,180.000,YES,,10,C0402
C832,GRM155R71C104KA88D-0402C,110.0000,149.0000,180.000,YES,,10,C0402
C833,GRM155R71C104KA88D-0402C,95.5000,197.0000,0.000,YES,,10,C0402
C834,GRM155R71H103KA88D-0402C,95.5000,199.0000,270.000,YES,,10,C0402
C835,GRM155R71H103KA88D-0402C,85.0000,199.0000,270.000,YES,,10,C0402
C836,GRM155R71C104KA88D-0402C,113.0000,191.0000,0.000,YES,,10,C0402
C837,GRM155R71C104KA88D-0402C,107.5000,149.0000,0.000,YES,,10,C0402
C838,GRM155R71C104KA88D-0402C,84.5000,191.0000,180.000,YES,,10,C0402
C839,GRM155R71C104KA88D-0402C,85.5000,148.0000,180.000,YES,,10,C0402
C840,GRM155R71C104KA88D-0402C,79.0000,160.0000,90.000,YES,,10,C0402
C841,GRM155R71H103KA88D-0402C,93.0000,203.5000,180.000,YES,,10,C0402
C842,GRM155R71C104KA88D-0402C,93.0000,194.5000,0.000,YES,,10,C0402
C843,GRM155R71H103KA88D-0402C,84.0000,199.0000,270.000,YES,,10,C0402
C844,GRM155R71C104KA88D-0402C,121.0000,182.5000,270.000,YES,,10,C0402
C845,GRM155R71C104KA88D-0402C,116.0000,149.0000,0.000,YES,,10,C0402
C846,GRM155R71C104KA88D-0402C,89.0000,191.0000,0.000,YES,,10,C0402
C847,GRM155R71C104KA88D-0402C,78.5000,156.5000,90.000,YES,,10,C0402
C848,GRM155R71C104KA88D-0402C,79.0000,151.5000,90.000,YES,,10,C0402
C849,GRM155R71H103KA88D-0402C,95.0000,203.5000,0.000,YES,,10,C0402
C850,GRM155R71C104KA88D-0402C,92.5000,199.0000,270.000,YES,,10,C0402
C851,GRM155R71H103KA88D-0402C,84.0000,197.0000,180.000,YES,,10,C0402
C852,GRM155R71C104KA88D-0402C,121.0000,187.5000,270.000,YES,,10,C0402
C853,GRM155R71C104KA88D-0402C,121.0000,167.5000,270.000,YES,,10,C0402
C854,GRM155R71C104KA88D-0402C,81.0000,149.0000,0.000,YES,,10,C0402
C855,GRM155R71C104KA88D-0402C,79.0000,188.5000,270.000,YES,,10,C0402
C856,GRM155R71H103KA88D-0402C,86.5000,194.5000,180.000,YES,,10,C0402
C857,GRM155R71H103KA88D-0402C,89.0000,203.5000,0.000,YES,,10,C0402
C858,GRM21BR61E106KA73L-0805C,82.0000,199.0000,90.000,NO,,10,C0805
C859,GRM155R71C104KA88D-0402C,121.0000,177.5000,270.000,YES,,10,C0402
C860,GRM155R71C104KA88D-0402C,121.0000,172.5000,90.000,YES,,10,C0402
C861,GRM155R71C104KA88D-0402C,81.5000,191.0000,0.000,YES,,10,C0402
C862,GRM155R71C104KA88D-0402C,79.0000,182.5000,270.000,YES,,10,C0402
C863,GRM21BR61E106KA73L-0805C,98.0000,199.0000,90.000,NO,,10,C0805
C864,GRM31CR60J227ME11L-1206C,120.5000,192.5000,180.000,NO,,20,C1206Q
C865,GRM31CR60J227ME11L-1206C,77.1750,188.7500,270.000,YES,,20,C1206Q
C866,GRM31CR60J227ME11L-1206C,123.0000,155.0000,90.000,NO,,20,C1206Q
C867,GRM31CR60J227ME11L-1206C,77.0000,152.5000,90.000,NO,,20,C1206Q
C868,GRM155R71C104KA88D-0402C,113.0000,194.5000,0.000,YES,,10,C0402
C869,GRM155R71C104KA88D-0402C,107.0000,203.5000,0.000,YES,,10,C0402
C870,GRM155R71C104KA88D-0402C,112.5000,199.0000,270.000,YES,,10,C0402
C871,GRM155R71C104KA88D-0402C,105.0000,203.5000,180.000,YES,,10,C0402
C872,GRM155R71H103KA88D-0402C,115.5000,199.0000,270.000,YES,,10,C0402
C873,GRM155R71H103KA88D-0402C,115.0000,203.5000,0.000,YES,,10,C0402
C874,GRM155R71H103KA88D-0402C,113.0000,203.5000,180.000,YES,,10,C0402
C875,GRM155R71C104KA88D-0402C,114.5000,199.0000,270.000,YES,,10,C0402
C876,GRM155R71H103KA88D-0402C,106.5000,194.5000,180.000,YES,,10,C0402
C877,GRM155R71H103KA88D-0402C,104.0000,197.0000,180.000,YES,,10,C0402
C878,GRM155R71C104KA88D-0402C,115.5000,197.0000,0.000,YES,,10,C0402
C879,GRM155R71H103KA88D-0402C,109.0000,203.5000,0.000,YES,,10,C0402
C880,GRM155R71H103KA88D-0402C,104.0000,199.0000,270.000,YES,,10,C0402
C881,GRM155R71H103KA88D-0402C,105.0000,199.0000,270.000,YES,,10,C0402
C882,GRM21BR61E106KA73L-0805C,102.0000,199.0000,90.000,NO,,10,C0805
C883,GRM155R61A105KE15D-0402C,79.0000,177.0000,270.000,YES,,10,C0402
C884,GRM155R61A105KE15D-0402C,99.5000,148.5000,270.000,YES,,10,C0402
C885,GRM155R61A105KE15D-0402C,99.5000,191.5000,90.000,YES,,10,C0402
C886,GRM155R61A105KE15D-0402C,79.0000,162.0000,90.000,YES,,10,C0402
C887,GRM21BR61E106KA73L-0805C,118.0000,199.0000,90.000,NO,,10,C0805
C888,GRM21BR61E106KA73L-0805C,76.5000,175.5000,180.000,YES,,10,C0805
C889,GRM21BR61E106KA73L-0805C,77.5000,162.5000,90.000,YES,,10,C0805
C890,GRM21BR61E106KA73L-0805C,101.0000,148.0000,270.000,YES,,10,C0805
C891,GRM21BR61E106KA73L-0805C,103.0000,192.0000,90.000,YES,,10,C0805
C892,GRM155R71C104KA88D-0402C,103.5000,148.5000,270.000,YES,,10,C0402
C893,GRM155R71C104KA88D-0402C,102.5000,148.5000,270.000,YES,,10,C0402
C894,GCM1555C1H102JA16D-0402C,36.5000,24.5000,180.000,NO,,5,C0402
C895,GCM1555C1H102JA16D-0402C,34.5000,24.5000,180.000,NO,,5,C0402
C896,GCM1555C1H102JA16D-0402C,60.0000,25.5000,90.000,NO,,5,C0402
C897,GCM1555C1H102JA16D-0402C,60.0000,27.5000,90.000,NO,,5,C0402
C898,GCM1555C1H102JA16D-0402C,27.0000,175.5000,0.000,NO,,5,C0402
C899,GCM1555C1H102JA16D-0402C,29.0000,175.5000,0.000,NO,,5,C0402
C900,GRM155R71C104KA88D-0402C,35.5000,19.0000,0.000,NO,,10,C0402
C901,GRM155R71C104KA88D-0402C,56.5000,26.5000,90.000,YES,,10,C0402
C902,GRM155R71C104KA88D-0402C,28.0000,178.5000,0.000,YES,,10,C0402
C903,GRM155R71C104KA88D-0402C,78.0000,202.5000,180.000,NO,,10,C0402
C904,GRM155R71C104KA88D-0402C,50.0000,191.0000,180.000,YES,,10,C0402
C905,GRM155R71C104KA88D-0402C,7.5000,190.0000,180.000,YES,,10,C0402
C906,GCM1555C1H102JA16D-0402C,77.0000,196.7500,0.000,NO,,5,C0402
C907,GCM1555C1H102JA16D-0402C,79.0000,196.7500,0.000,NO,,5,C0402
C908,GRM155R71C104KA88D-0402C,43.5000,187.5000,270.000,NO,,10,C0402
C909,GRM21BR61E106KA73L-0805C,43.5000,184.0000,90.000,NO,,10,C0805
C910,"K10-79-10V-0,1MKF_80-20-N90-N-A",112.0000,67.0000,180.000,YES,,(+80 -20),C0603
C911,"K10-79-10V-0,1MKF_80-20-N90-N-A",112.0000,73.5000,180.000,YES,,(+80 -20),C0603
C912,"K10-79-10V-0,1MKF_80-20-N90-N-A",122.5000,73.5000,90.000,YES,,(+80 -20),C0603
C913,"K10-79-10V-0,1MKF_80-20-N90-N-A",122.0000,68.5000,90.000,YES,,(+80 -20),C0603
DA1,ADM7150ACPZ-3.3-R2,-5.5000,94.0000,180.000,NO,,,LFCSP_WD-8
DA2,ADM7150ACPZ-3.3-R2,36.0000,95.7500,180.000,NO,,,LFCSP_WD-8
DA3,LT1965IDD#PBF,125.0000,127.0000,0.000,NO,,,DFN-8
DA4,EN6347QI,11.5000,24.0000,90.000,NO,,,EN6347QI
DA5,EN6347QI,-7.2500,187.7500,90.000,NO,,,EN6347QI
DA6,EN6347QI,51.2000,99.2000,90.000,NO,,,EN6347QI
DD1,EN6360QI,4.3650,12.4250,270.000,NO,,,EN6360QI
DD2,EN6360QI,-11.5600,12.4500,270.000,NO,,,EN6360QI
DD3,EN6360QI,36.3650,12.4250,270.000,NO,,,EN6360QI
DD4,EN6360QI,20.3900,12.4500,270.000,NO,,,EN6360QI
DD5,EN6360QI,-14.6350,199.5750,90.000,NO,,,EN6360QI
DD6,EN6360QI,1.3300,199.5500,90.000,NO,,,EN6360QI
DD7,EN6360QI,17.3650,199.5750,90.000,NO,,,EN6360QI
DD8,EN6360QI,33.3500,199.5500,90.000,NO,,,EN6360QI
DD9,EN6360QI,68.3650,12.4250,270.000,NO,,,EN6360QI
DD10,EN6360QI,52.4400,12.4500,270.000,NO,,,EN6360QI
DD11,EN6360QI,49.3650,199.5750,90.000,NO,,,EN6360QI
DD12,EN6360QI,65.3400,199.5500,90.000,NO,,,EN6360QI
DD13,EN6360QI,100.3750,76.5250,180.000,NO,,,EN6360QI
DD14,EN6360QI,83.7000,80.3000,0.000,NO,,,EN6360QI
DD15,EN6360QI,96.4750,135.0750,180.000,NO,,,EN6360QI
DD16,EN6360QI,80.7300,135.0000,0.000,NO,,,EN6360QI
DD17,TPS74401RGWR,130.5000,135.0000,270.000,YES,,,VQFN-20
DD18,TPS74401RGWR,69.5000,106.5000,180.000,YES,,,VQFN-20
DD19,TPS74401RGWR,105.5000,135.5000,270.000,YES,,,VQFN-20
DD20,HMC1031MS8E,19.5000,108.0000,180.000,YES,,,MO_187
DD21,LMK00304SQE/NOPB,-6.5000,106.0000,0.000,NO,,,S-PVQFN-N32
DD22,LMK00304SQE/NOPB,39.3750,106.0000,0.000,NO,,,S-PVQFN-N32
DD23,XC7A200T-2FFG1156I,102.0000,106.0000,180.000,NO,,,RF1157
DD24,SN74AVC4T245RSVR,123.0000,143.0000,0.000,YES,,,UQFN16
DD25,MT25QL256ABA8ESF-0SIT,116.5000,135.5000,180.000,NO,,,SOP2-16
DD26,TSKYA.431281.007TU,4.0000,66.0450,180.000,NO,,,PGA_1024
DD27,MT48LC4M32B2B5-6AXIT:L,14.0000,37.0000,270.000,NO,,,FBGA-90
DD28,MT48LC4M32B2B5-6AXIT:L,-6.0000,37.0000,270.000,NO,,,FBGA-90
DD29,TSKYA.431281.007TU,52.0000,66.0450,180.000,NO,,,PGA_1024
DD30,MT48LC4M32B2B5-6AXIT:L,62.0000,37.0000,270.000,NO,,,FBGA-90
DD31,MT48LC4M32B2B5-6AXIT:L,42.0000,37.0000,270.000,NO,,,FBGA-90
DD32,TSKYA.431281.007TU,4.0000,145.9550,0.000,NO,,,PGA_1024
DD33,MT48LC4M32B2B5-6AXIT:L,-6.0000,175.0000,90.000,NO,,,FBGA-90
DD34,MT48LC4M32B2B5-6AXIT:L,14.0000,175.0000,90.000,NO,,,FBGA-90
DD35,TSKYA.431281.007TU,52.0000,145.9550,0.000,NO,,,PGA_1024
DD36,MT48LC4M32B2B5-6AXIT:L,42.0000,175.0000,90.000,NO,,,FBGA-90
DD37,MT48LC4M32B2B5-6AXIT:L,62.0000,175.0000,90.000,NO,,,FBGA-90
DD38,TSKYA.431281.007TU,100.0000,42.0450,180.000,NO,,,PGA_1024
DD39,MT48LC4M32B2B5-6AXIT:L,110.0000,13.0000,270.000,NO,,,FBGA-90
DD40,MT48LC4M32B2B5-6AXIT:L,90.0000,13.0000,270.000,NO,,,FBGA-90
DD41,TSKYA.431281.007TU,100.0000,169.9550,0.000,NO,,,PGA_1024
DD42,MT48LC4M32B2B5-6AXIT:L,90.0000,199.0000,90.000,NO,,,FBGA-90
DD43,MT48LC4M32B2B5-6AXIT:L,110.0000,199.0000,90.000,NO,,,FBGA-90
DD44,TMP422AIDCNX,35.5000,22.0000,180.000,NO,,,SOT-23-8
DD45,TMP422AIDCNX,57.5000,26.5000,90.000,NO,,,SOT-23-8
DD46,TMP422AIDCNX,28.0000,178.0000,0.000,NO,,,SOT-23-8
DD47,TMP422AIDCNX,78.0000,199.2500,0.000,NO,,,SOT-23-8
DD48,SN74LVC2T45DCUR,51.5000,188.0000,180.000,YES,,,R-PDSO-G8
DD49,SN74LVC2T45DCUR,9.0000,187.0000,180.000,YES,,,R-PDSO-G8
DD50,5559IN14AU,10.0000,186.0000,270.000,NO,,,H02_8-1B
DD51,5559IN14AU,53.0000,187.0000,270.000,NO,,,H02_8-1B
DD52,SN74AVC16244DGVR,117.5000,69.5000,270.000,YES,,,TVSOP-48
G1,"GK-CPPL-C7L-A7BR-24,000M-PD",113.5000,80.5000,90.000,NO,24 MHz,25 ppm,CPPL
G2,GK253-UN-A1K4-125.0MHZ,9.0000,105.5000,90.000,NO,,,DIL8
G3,"GK253-P-1K4-125,0MGTS",57.5000,111.5000,90.000,NO,,,DIL8
L1,KIK1608-100NH_2_%_ZL-A-KIK0603,26.9000,58.5000,0.000,YES,,,KIK0603
L2,KIK1608-100NH_2_%_ZL-A-KIK0603,28.5000,73.5000,270.000,YES,,,KIK0603
L3,KIK1608-100NH_2_%_ZL-A-KIK0603,6.0000,88.0000,90.000,YES,,,KIK0603
L4,KIK1608-100NH_2_%_ZL-A-KIK0603,3.0000,44.0000,270.000,YES,,,KIK0603
L5,KIK1608-100NH_2_%_ZL-A-KIK0603,75.0000,58.5000,0.000,YES,,,KIK0603
L6,KIK1608-100NH_2_%_ZL-A-KIK0603,54.0000,88.0000,90.000,YES,,,KIK0603
L7,KIK1608-100NH_2_%_ZL-A-KIK0603,51.0000,44.0000,270.000,YES,,,KIK0603
L8,KIK1608-100NH_2_%_ZL-A-KIK0603,76.5000,73.5000,270.000,YES,,,KIK0603
L9,KIK1608-100NH_2_%_ZL-A-KIK0603,-19.0000,153.5000,180.000,YES,,,KIK0603
L10,KIK1608-100NH_2_%_ZL-A-KIK0603,2.0000,124.0000,270.000,YES,,,KIK0603
L11,KIK1608-100NH_2_%_ZL-A-KIK0603,5.0000,168.0000,90.000,YES,,,KIK0603
L12,KIK1608-100NH_2_%_ZL-A-KIK0603,-20.5000,138.5000,90.000,YES,,,KIK0603
L13,KIK1608-100NH_2_%_ZL-A-KIK0603,29.0000,153.5000,180.000,YES,,,KIK0603
L14,KIK1608-100NH_2_%_ZL-A-KIK0603,27.5000,138.5000,90.000,YES,,,KIK0603
L15,KIK1608-100NH_2_%_ZL-A-KIK0603,50.0000,124.0000,270.000,YES,,,KIK0603
L16,KIK1608-100NH_2_%_ZL-A-KIK0603,53.0000,168.0000,90.000,YES,,,KIK0603
L17,KIK1608-100NH_2_%_ZL-A-KIK0603,124.5000,49.5000,270.000,YES,,,KIK0603
L18,KIK1608-100NH_2_%_ZL-A-KIK0603,123.0000,34.5000,0.000,YES,,,KIK0603
L19,KIK1608-100NH_2_%_ZL-A-KIK0603,102.0000,64.0000,90.000,YES,,,KIK0603
L20,KIK1608-100NH_2_%_ZL-A-KIK0603,99.0000,20.0000,270.000,YES,,,KIK0603
L21,KIK1608-100NH_2_%_ZL-A-KIK0603,77.0000,177.5000,180.000,YES,,,KIK0603
L22,KIK1608-100NH_2_%_ZL-A-KIK0603,98.0000,148.0000,270.000,YES,,,KIK0603
L23,KIK1608-100NH_2_%_ZL-A-KIK0603,101.0000,192.0000,90.000,YES,,,KIK0603
L24,KIK1608-100NH_2_%_ZL-A-KIK0603,75.5000,162.5000,90.000,YES,,,KIK0603
L25,MDG1-1500,39.5000,186.0000,0.000,NO,1500n,10%,MDG1
N1,TP_D1_1_CP1_6-TEST_POINT,122.0000,13.5000,0.000,YES,,,X
N2,TP_D1_1_CP1_6-TEST_POINT,35.0000,187.0000,0.000,YES,,,X
N3,TP_D1_1_CP1_6-TEST_POINT,129.0000,81.0000,0.000,YES,,,X
N4,TP_D1_1_CP1_6-TEST_POINT,122.5000,201.5000,0.000,YES,,,X
N5,TP_D1_1_CP1_6-TEST_POINT,3.0000,21.0000,0.000,YES,,,X
N6,TP_D1_1_CP1_6-TEST_POINT,40.5000,21.0000,0.000,YES,,,X
N7,TP_D1_1_CP1_6-TEST_POINT,11.0000,196.0000,0.000,YES,,,X
N8,TP_D1_1_CP1_6-TEST_POINT,43.0000,196.5000,0.000,YES,,,X
N9,TP_D1_1_CP1_6-TEST_POINT,46.5000,21.0000,0.000,YES,,,X
N10,TP_D1_1_CP1_6-TEST_POINT,56.5000,195.5000,0.000,YES,,,X
N11,TP_D1_1_CP1_6-TEST_POINT,82.0000,66.5000,0.000,YES,,,X
N12,TP_D1_1_CP1_6-TEST_POINT,78.0000,129.0000,0.000,YES,,,X
N13,TP_D1_1_CP1_6-TEST_POINT,0.5000,104.0000,0.000,YES,,,X
N14,TP_D1_1_CP1_6-TEST_POINT,48.5000,107.0000,0.000,YES,,,X
N15,TP_D1_1_CP1_6-TEST_POINT,136.0000,141.5000,0.000,YES,,,X
N16,TP_D1_1_CP1_6-TEST_POINT,134.5000,133.0000,0.000,YES,,,X
N17,TP_D1_1_CP1_6-TEST_POINT,21.0000,21.0000,0.000,YES,,,X
N18,TP_D1_1_CP1_6-TEST_POINT,2.2500,190.0000,0.000,YES,,,X
N19,TP_D1_1_CP1_6-TEST_POINT,60.0000,98.0000,0.000,YES,,,X
N20,TP_D1_1_CP1_6-TEST_POINT,67.5000,102.5000,0.000,YES,,,X
N21,TP_D1_1_CP1_6-TEST_POINT,109.5000,134.5000,0.000,YES,,,X
N22,TP_D1_1_CP1_6-TEST_POINT,123.5000,108.0000,0.000,YES,,,X
N23,TP_D1_1_CP1_6-TEST_POINT,123.5000,118.0000,0.000,YES,,,X
N24,TP_D1_1_CP1_6-TEST_POINT,123.5000,115.5000,0.000,YES,,,X
N25,TP_D1_1_CP1_6-TEST_POINT,123.5000,113.0000,0.000,YES,,,X
N26,TP_D1_1_CP1_6-TEST_POINT,123.5000,110.5000,0.000,YES,,,X
N27,TP_D1_1_CP1_6-TEST_POINT,35.0000,184.5000,0.000,NO,,,X
N28,TP_D1_1_CP1_6-TEST_POINT,129.0000,83.5000,0.000,NO,,,X
N29,TP_D1_1_CP1_6-TEST_POINT,133.5000,141.5000,0.000,NO,,,X
N30,TP_D1_1_CP1_6-TEST_POINT,109.5000,140.5000,0.000,NO,,,X
N31,TP_D1_1_CP1_6,18.5000,91.0000,0.000,YES,,,X
N32,TP_D1_1_CP1_6,61.0000,89.0000,0.000,YES,,,X
N33,TP_D1_1_CP1_6,-10.5000,121.0000,0.000,YES,,,X
N34,TP_D1_1_CP1_6,39.5000,123.0000,0.000,YES,,,X
N35,TP_D1_1_CP1_6,124.5000,64.0000,0.000,YES,,,X
N36,TP_D1_1_CP1_6,88.0000,147.0000,0.000,YES,,,X
N37,TP_D1_1_CP1_6-TEST_POINT,0.0000,190.0000,0.000,YES,,,X
N38,TP_D1_1_CP1_6-TEST_POINT,11.0000,193.5000,0.000,YES,,,X
N39,TP_D1_1_CP1_6-TEST_POINT,43.0000,194.0000,0.000,YES,,,X
N40,TP_D1_1_CP1_6-TEST_POINT,56.5000,193.0000,0.000,YES,,,X
N41,TP_D1_1_CP1_6-TEST_POINT,3.0000,23.5000,0.000,YES,,,X
N42,TP_D1_1_CP1_6-TEST_POINT,21.0000,24.0000,0.000,YES,,,X
N43,TP_D1_1_CP1_6-TEST_POINT,40.5000,23.5000,0.000,YES,,,X
N44,TP_D1_1_CP1_6-TEST_POINT,46.5000,23.5000,0.000,YES,,,X
N45,TP_D1_1_CP1_6-TEST_POINT,122.0000,11.0000,0.000,YES,,,X
N46,TP_D1_1_CP1_6-TEST_POINT,84.5000,66.5000,0.000,YES,,,X
N47,TP_D1_1_CP1_6-TEST_POINT,60.0000,100.5000,0.000,YES,,,X
N48,TP_D1_1_CP1_6-TEST_POINT,65.0000,102.5000,0.000,YES,,,X
N49,TP_D1_1_CP1_6-TEST_POINT,134.5000,130.5000,0.000,YES,,,X
N50,TP_D1_1_CP1_6-TEST_POINT,75.5000,129.0000,0.000,YES,,,X
R1,R1-8V-0.063-100_OM_1-T-A-R0402A,128.0000,142.5000,0.000,NO,,1,R0402
R2,"NP1-3R-4,64_KOM_1-CAT16",134.0000,169.0000,180.000,YES,,1,R0603X4
R3,R1-8V-0.063-39.2_OM_1-T-A-R040A,135.0000,69.0000,180.000,YES,,1,R0402
R4,R1-8V-0.063-4.75_KOM_1-M-A-R04A,128.5000,74.5000,90.000,NO,,1,R0402
R5,R1-8V-0.063-4.75_KOM_1-M-A-R04A,127.5000,74.5000,90.000,NO,,1,R0402
R6,R1-8V-0.063-4.75_KOM_1-M-A-R04A,127.5000,77.0000,270.000,NO,,1,R0402
R7,R1-8V-0.1-511_OM_1-M-A-M-R0603A,129.0000,77.5000,270.000,NO,,1,R0603
R8,R1-8V-0.1-511_OM_1-M-A-M-R0603A,121.0000,77.5000,180.000,NO,,1,R0603
R9,R1-8V-0.063-4.75_KOM_1-M-A-R04A,121.0000,75.5000,0.000,NO,,1,R0402
R10,R1-8V-0.063-51.1_KOM_1-M-A-R04A,9.7300,10.5000,0.000,NO,,1,R0402
R11,R1-8V-0.063-3.57_KOM_1-M-A-R04A,-6.6100,13.4500,270.000,NO,,1,R0402
R12,R1-8V-0.063-243_KOM_1-M-A-R040A,-5.3100,16.9500,90.000,NO,,1,R0402
R13,R1-8V-0.063-15_KOM_1-M-A-R0402A,-5.8100,15.4500,180.000,NO,,1,R0402
R14,R1-8V-0.063-365_KOM_1-M-A-R040A,-5.8100,10.7000,90.000,NO,,1,R0402
R15,R1-8V-0.063-51.1_KOM_1-M-A-R04A,41.7300,10.5000,0.000,NO,,1,R0402
R16,R1-8V-0.063-3.57_KOM_1-M-A-R04A,25.3400,13.4500,270.000,NO,,1,R0402
R17,R1-8V-0.063-243_KOM_1-M-A-R040A,26.6400,16.9500,90.000,NO,,1,R0402
R18,R1-8V-0.063-15_KOM_1-M-A-R0402A,26.1400,15.4500,180.000,NO,,1,R0402
R19,R1-8V-0.063-365_KOM_1-M-A-R040A,26.1400,10.7000,90.000,NO,,1,R0402
R20,R1-8V-0.063-51.1_KOM_1-M-A-R04A,-20.0000,201.5000,180.000,NO,,1,R0402
R21,R1-8V-0.063-3.57_KOM_1-M-A-R04A,-3.6200,198.5500,90.000,NO,,1,R0402
R22,R1-8V-0.063-243_KOM_1-M-A-R040A,-4.9200,195.0500,270.000,NO,,1,R0402
R23,R1-8V-0.063-15_KOM_1-M-A-R0402A,-4.4200,196.5500,0.000,NO,,1,R0402
R24,R1-8V-0.063-365_KOM_1-M-A-R040A,-4.4200,201.3000,270.000,NO,,1,R0402
R25,R1-8V-0.063-51.1_KOM_1-M-A-R04A,12.0000,201.5000,180.000,NO,,1,R0402
R26,R1-8V-0.063-3.57_KOM_1-M-A-R04A,28.4000,198.5500,90.000,NO,,1,R0402
R27,R1-8V-0.063-243_KOM_1-M-A-R040A,27.1000,195.0500,270.000,NO,,1,R0402
R28,R1-8V-0.063-15_KOM_1-M-A-R0402A,27.6000,196.5500,0.000,NO,,1,R0402
R29,R1-8V-0.063-365_KOM_1-M-A-R040A,27.6000,201.3000,270.000,NO,,1,R0402
R30,R1-8V-0.063-51.1_KOM_1-M-A-R04A,73.7300,10.5000,0.000,NO,,1,R0402
R31,R1-8V-0.063-3.57_KOM_1-M-A-R04A,57.3900,13.4500,270.000,NO,,1,R0402
R32,R1-8V-0.063-243_KOM_1-M-A-R040A,58.6900,16.9500,90.000,NO,,1,R0402
R33,R1-8V-0.063-15_KOM_1-M-A-R0402A,58.1900,15.4500,180.000,NO,,1,R0402
R34,R1-8V-0.063-365_KOM_1-M-A-R040A,58.1900,10.7000,90.000,NO,,1,R0402
R35,R1-8V-0.063-51.1_KOM_1-M-A-R04A,44.0000,201.5000,180.000,NO,,1,R0402
R36,R1-8V-0.063-3.57_KOM_1-M-A-R04A,60.3900,198.5500,90.000,NO,,1,R0402
R37,R1-8V-0.063-243_KOM_1-M-A-R040A,59.0900,195.0500,270.000,NO,,1,R0402
R38,R1-8V-0.063-15_KOM_1-M-A-R0402A,59.5900,196.5500,0.000,NO,,1,R0402
R39,R1-8V-0.063-365_KOM_1-M-A-R040A,59.5900,201.3000,270.000,NO,,1,R0402
R40,R1-8V-0.063-51.1_KOM_1-M-A-R04A,98.4500,71.1600,270.000,NO,,1,R0402
R41,R1-8V-0.063-3.57_KOM_1-M-A-R04A,82.7000,85.2500,0.000,NO,,1,R0402
R42,R1-8V-0.063-243_KOM_1-M-A-R040A,79.2000,86.5500,180.000,NO,,1,R0402
R43,R1-8V-0.063-15_KOM_1-M-A-R0402A,80.7000,86.0500,270.000,NO,,1,R0402
R44,R1-8V-0.063-365_KOM_1-M-A-R040A,85.4500,86.0500,180.000,NO,,1,R0402
R45,R1-8V-0.063-51.1_KOM_1-M-A-R04A,94.5500,129.7100,270.000,NO,,1,R0402
R46,R1-8V-0.063-5.49_KOM_1-M-A-R04A,79.7300,139.9500,0.000,NO,,1,R0402
R47,R1-8V-0.063-243_KOM_1-M-A-R040A,76.2300,141.2500,180.000,NO,,1,R0402
R48,R1-8V-0.063-15_KOM_1-M-A-R0402A,77.7300,140.7500,270.000,NO,,1,R0402
R49,R1-8V-0.063-76.8_KOM_1-M-A-R04A,82.4800,140.7500,180.000,NO,,1,R0402
R50,R1-8V-0.1-10_MOM_2-M-A-M-R0603A,-8.5000,97.5000,90.000,NO,,2,R0603
R51,R1-8V-0.1-10_MOM_2-M-A-M-R0603A,33.0000,99.2500,90.000,NO,,2,R0603
R52,R1-8V-0603-0-A-M-R0603_OZHO,-8.5000,95.0000,270.000,NO,,1,R0603
R53,R1-8V-0603-0-A-M-R0603_OZHO,33.0000,96.7500,270.000,NO,,1,R0603
R54,R1-8V-0.063-10_KOM_1-M-A-R0402A,126.5000,135.0000,90.000,YES,,1,R0402
R55,R1-8V-0.1-10.5_KOM_1-M-A-M-R06A,123.5000,122.0000,180.000,NO,,1,R0603
R56,R1-8V-0.1-6.04_KOM_1-M-A-M-R06A,126.5000,122.0000,180.000,NO,,1,R0603
R57,R1-8V-0.1-3.57_KOM_1-M-A-M-R06A,136.5000,135.0000,90.000,YES,,1,R0603
R58,R1-8V-0.1-2.87_KOM_1-M-A-M-R06A,136.5000,138.0000,90.000,YES,,1,R0603
R59,R1-8V-0.063-10_KOM_1-M-A-R0402A,124.0000,133.5000,90.000,YES,,1,R0402
R60,R1-8V-0.063-200_KOM_1-M-A-R040A,7.5000,20.5000,270.000,NO,,1,R0402
R61,R1-8V-0.063-59_KOM_1-M-A-R0402A,8.0000,22.5000,180.000,NO,,1,R0402
R62,R1-8V-0.063-200_KOM_1-M-A-R040A,-11.2500,184.2500,270.000,NO,,1,R0402
R63,R1-8V-0.063-59_KOM_1-M-A-R0402A,-10.7500,186.2500,180.000,NO,,1,R0402
R64,R1-8V-0.063-200_KOM_1-M-A-R040A,47.2000,95.7000,270.000,NO,,1,R0402
R65,R1-8V-0.063-174_KOM_1-M-A-R040A,47.7000,97.7000,180.000,NO,,1,R0402
R66,R1-8V-0.063-1_MOM_1%-M-A-R0402A,47.5000,103.5000,270.000,NO,,1,R0402
R67,R1-8V-0.063-1_KOM_1-M-A-R0402_A,70.0000,111.0000,180.000,YES,,1,R0402
R68,R1-8V-0.063-10_KOM_1-M-A-R0402A,84.0000,109.5000,90.000,YES,,1,R0402
R69,R1-8V-0.063-10_KOM_1-M-A-R0402A,90.5000,112.0000,90.000,YES,,1,R0402
R70,R1-8V-0.1-1.13_KOM_1-M-A-M-R06A,69.5000,100.5000,0.000,YES,,1,R0603
R71,R1-8V-0.1-4.53_KOM_1-M-A-M-R06A,72.5000,100.5000,0.000,YES,,1,R0603
R72,R1-8V-0.1-2.49_KOM_1-M-A-M-R06A,111.5000,135.5000,90.000,YES,,1,R0603
R73,R1-8V-0.1-4.99_KOM_1-M-A-M-R06A,111.5000,138.5000,90.000,YES,,1,R0603
R74,R1-8V-0.063-100_OM_1-T-A-R0402A,26.0000,99.7500,90.000,NO,,1,R0402
R75,R1-8V-0.063-1_MOM_1%-M-A-R0402A,21.0000,103.0000,270.000,YES,,1,R0402
R76,R1-8V-0.063-M-A-R0402_OZHO,22.5000,104.0000,270.000,YES,,1,R0402
R77,R1-8V-0.063-10_KOM_1-M-A-R0402A,113.5000,76.0000,0.000,NO,,1,R0402
R78,R1-8V-0.1-33.2_OM_1-T-A-M-R060A,109.5000,82.5000,270.000,NO,,1,R0603
R79,R1-8V-0.063-49.9_OM_1-T-A-R040A,19.5000,102.5000,180.000,YES,,1,R0402
R80,R1-8V-0.1-27.4_KOM_1-M-A-M-R06A,17.5000,103.0000,270.000,YES,,1,R0603
R81,R1-8V-0603-0-A-M-R0603_OZHO,16.0000,103.0000,270.000,YES,,1,R0603
R82,R1-8V-0.125-124_OM_1-M-A-M-R08A,8.0000,111.0000,0.000,YES,,1,R0805
R83,R1-8V-0.125-124_OM_1-M-A-M-R08A,56.5000,117.0000,0.000,YES,,1,R0805
R84,R1-8V-0.125-124_OM_1-M-A-M-R08A,8.0000,105.0000,0.000,YES,,1,R0805
R85,R1-8V-0.125-124_OM_1-M-A-M-R08A,56.5000,111.0000,0.000,YES,,1,R0805
R86,R1-8V-0.125-82.5_OM_1-T-A-M-R0A,8.0000,109.0000,0.000,YES,,1,R0805
R87,R1-8V-0.125-82.5_OM_1-T-A-M-R0A,56.5000,115.0000,0.000,YES,,1,R0805
R88,R1-8V-0.125-82.5_OM_1-T-A-M-R0A,8.0000,107.0000,180.000,YES,,1,R0805
R89,R1-8V-0.125-82.5_OM_1-T-A-M-R0A,56.5000,113.0000,180.000,YES,,1,R0805
R90,R1-8V-0.125-49.9_OM_1-T-A-M-R0A,2.5000,108.5000,0.000,YES,,1,R0805
R91,R1-8V-0.125-49.9_OM_1-T-A-M-R0A,2.5000,106.0000,0.000,YES,,1,R0805
R92,R1-8V-0.125-49.9_OM_1-T-A-M-R0A,51.0000,115.5000,0.000,YES,,1,R0805
R93,R1-8V-0.125-49.9_OM_1-T-A-M-R0A,51.0000,112.5000,0.000,YES,,1,R0805
R94,R1-8V-0.125-348_OM_1-M-A-M-R08A,-0.5000,107.0000,270.000,YES,,1,R0805
R95,R1-8V-0.125-348_OM_1-M-A-M-R08A,48.0000,113.5000,270.000,YES,,1,R0805
R96,R1-8V-0.063-100_OM_1-T-A-R0402A,-2.7500,107.0000,90.000,NO,,1,R0402
R97,R1-8V-0.063-100_OM_1-T-A-R0402A,43.1250,107.0000,90.000,NO,,1,R0402
R98,R1-8V-0.063-100_OM_1-T-A-R0402A,97.5000,117.0000,270.000,YES,,1,R0402
R99,R1-8V-0.063-100_OM_1-T-A-R0402A,96.5000,95.0000,90.000,YES,,1,R0402
R100,R1-8V-0.063-4.75_KOM_1-M-A-R04A,9.0000,6.0000,270.000,YES,,1,R0402
R101,R1-8V-0.063-4.75_KOM_1-M-A-R04A,41.0000,6.0000,270.000,YES,,1,R0402
R102,R1-8V-0.063-4.75_KOM_1-M-A-R04A,-19.4000,205.7000,90.000,YES,,1,R0402
R103,R1-8V-0.063-4.75_KOM_1-M-A-R04A,108.5000,104.0000,90.000,YES,,1,R0402
R104,R1-8V-0.063-4.75_KOM_1-M-A-R04A,12.6750,205.4000,90.000,YES,,1,R0402
R105,R1-8V-0.063-4.75_KOM_1-M-A-R04A,109.5000,103.0000,90.000,YES,,1,R0402
R106,R1-8V-0.063-4.75_KOM_1-M-A-R04A,73.0000,6.0000,270.000,YES,,1,R0402
R107,R1-8V-0.063-332_OM_1-T-K-R0402A,108.5000,101.0000,90.000,YES,,1,R0402
R108,R1-8V-0.063-4.75_KOM_1-M-A-R04A,44.7000,205.3750,90.000,YES,,1,R0402
R109,R1-8V-0.063-4.75_KOM_1-M-A-R04A,90.5000,130.0000,180.000,YES,,1,R0402
R110,R1-8V-0.063-1_MOM_1%-M-A-R0402A,99.5000,126.0000,180.000,NO,,1,R0402
R111,R1-8V-0.063-100_OM_1-T-A-R0402A,124.0000,147.5000,0.000,YES,,1,R0402
R112,R1-8V-0.063-4.75_KOM_1-M-A-R04A,126.0000,141.0000,0.000,YES,,1,R0402
R113,R1-8V-0.063-100_OM_1-T-A-R0402A,125.5000,142.5000,90.000,YES,,1,R0402
R114,R1-8V-0.1-4.75_KOM_1-M-A-M-R06A,112.0000,128.0000,270.000,NO,,1,R0603
R115,R1-8V-0.063-100_OM_1-T-A-R0402A,125.5000,144.5000,90.000,YES,,1,R0402
R116,R1-8V-0.1-4.75_KOM_1-M-A-M-R06A,119.5000,143.5000,90.000,NO,,1,R0603
R117,R1-8V-0.063-100_OM_1-T-A-R0402A,123.5000,146.0000,270.000,YES,,1,R0402
R118,R1-8V-0.1-4.75_KOM_1-M-A-M-R06A,113.5000,143.0000,90.000,NO,,1,R0603
R119,R1-8V-0.063-1_KOM_1-M-A-R0402_A,124.5000,146.0000,270.000,YES,,1,R0402
R120,R1-8V-0.1-1_MOM_1-M-A-M-R0603_A,121.0000,127.5000,270.000,NO,,1,R0603
R121,R1-8V-0.1-15_OM_1-T-A-M-R0603_A,110.5000,128.0000,270.000,NO,,1,R0603
R122,R1-8V-0.1-15_OM_1-T-A-M-R0603_A,121.0000,143.5000,90.000,NO,,1,R0603
R123,R1-8V-0.1-15_OM_1-T-A-M-R0603_A,119.5000,127.5000,270.000,NO,,1,R0603
R124,R1-8V-0.1-15_OM_1-T-A-M-R0603_A,110.5000,143.0000,270.000,NO,,1,R0603
R125,R1-8V-0.1-1_MOM_1-M-A-M-R0603_A,112.0000,143.0000,90.000,NO,,1,R0603
R126,R1-8V-0.063-511_OM_1-M-A-R0402A,26.0000,68.5000,90.000,YES,,1,R0402
R127,R1-8V-0.063-511_OM_1-M-A-R0402A,26.0000,72.0000,90.000,NO,,1,R0402
R128,R1-8V-0.063-10_KOM_1-M-A-R0402A,127.5000,85.0000,90.000,NO,,1,R0402
R129,R1-8V-0.125-51.1_OM_1-T-A-M-R0A,124.5000,89.5000,0.000,NO,,1,R0805
R130,R1-8V-0.1-1_KOM_1-M-A-M-R0603_A,124.5000,91.5000,180.000,NO,,1,R0603
R131,R1-8V-0.063-49.9_OM_1-M-A-R040A,26.0000,78.0000,180.000,NO,,1,R0402
R132,"NP1-3R-4,64_KOM_1-CAT16",27.0000,54.0000,180.000,NO,,1,R0603X4
R133,R1-8V-0.063-1_KOM_1-M-A-R0402_A,28.5000,79.5000,270.000,NO,,1,R0402
R134,R1-8V-0.063-1_KOM_1-M-A-R0402_A,27.5000,79.5000,270.000,NO,,1,R0402
R135,R1-8V-0.1-100_KOM_1-M-A-M-R060A,26.0000,50.5000,270.000,NO,,1,R0603
R136,R1-8V-0.1-49.9_OM_1-T-A-M-R060A,14.5000,42.0000,180.000,YES,,1,R0603
R137,R1-8V-0.063-1_KOM_1-M-A-R0402_A,17.5000,44.5000,0.000,YES,,1,R0402
R138,R1-8V-0.063-1_KOM_1-M-A-R0402_A,17.5000,43.5000,180.000,YES,,1,R0402
R139,R1-8V-0.1-49.9_OM_1-T-A-M-R060A,-5.5000,42.0000,180.000,YES,,1,R0603
R140,R1-8V-0.063-1_KOM_1-M-A-R0402_A,-2.5000,44.5000,0.000,YES,,1,R0402
R141,R1-8V-0.063-1_KOM_1-M-A-R0402_A,-2.5000,43.5000,180.000,YES,,1,R0402
R142,R1-8V-0.063-511_OM_1-M-A-R0402A,73.0000,68.5000,90.000,YES,,1,R0402
R143,R1-8V-0.063-511_OM_1-M-A-R0402A,74.0000,72.0000,90.000,NO,,1,R0402
R144,"NP1-3R-4,64_KOM_1-CAT16",75.0000,54.0000,180.000,NO,,1,R0603X4
R145,R1-8V-0.1-100_KOM_1-M-A-M-R060A,75.0000,51.0000,270.000,NO,,1,R0603
R146,R1-8V-0.063-49.9_OM_1-M-A-R040A,74.0000,78.0000,180.000,NO,,1,R0402
R147,R1-8V-0.063-1_KOM_1-M-A-R0402_A,76.5000,79.5000,270.000,NO,,1,R0402
R148,R1-8V-0.063-1_KOM_1-M-A-R0402_A,75.5000,79.5000,270.000,NO,,1,R0402
R149,R1-8V-0.1-49.9_OM_1-T-A-M-R060A,62.5000,42.0000,180.000,YES,,1,R0603
R150,R1-8V-0.063-1_KOM_1-M-A-R0402_A,65.5000,44.5000,0.000,YES,,1,R0402
R151,R1-8V-0.063-1_KOM_1-M-A-R0402_A,65.5000,43.5000,180.000,YES,,1,R0402
R152,R1-8V-0.1-49.9_OM_1-T-A-M-R060A,42.5000,42.0000,180.000,YES,,1,R0603
R153,R1-8V-0.063-1_KOM_1-M-A-R0402_A,45.5000,44.5000,0.000,YES,,1,R0402
R154,R1-8V-0.063-1_KOM_1-M-A-R0402_A,45.5000,43.5000,180.000,YES,,1,R0402
R155,R1-8V-0.063-511_OM_1-M-A-R0402A,-18.0000,143.0000,270.000,YES,,1,R0402
R156,R1-8V-0.063-511_OM_1-M-A-R0402A,-18.0000,140.0000,270.000,NO,,1,R0402
R157,"NP1-3R-4,64_KOM_1-CAT16",-19.0000,158.0000,0.000,NO,,1,R0603X4
R158,R1-8V-0.1-100_KOM_1-M-A-M-R060A,-18.0000,161.5000,90.000,NO,,1,R0603
R159,R1-8V-0.063-49.9_OM_1-M-A-R040A,-18.0000,134.0000,0.000,NO,,1,R0402
R160,R1-8V-0.063-1_KOM_1-M-A-R0402_A,-20.5000,132.5000,90.000,NO,,1,R0402
R161,R1-8V-0.063-1_KOM_1-M-A-R0402_A,-19.5000,132.5000,90.000,NO,,1,R0402
R162,R1-8V-0.1-49.9_OM_1-T-A-M-R060A,-6.5000,170.0000,0.000,YES,,1,R0603
R163,R1-8V-0.063-1_KOM_1-M-A-R0402_A,-9.5000,167.5000,180.000,YES,,1,R0402
R164,R1-8V-0.063-1_KOM_1-M-A-R0402_A,-9.5000,168.5000,0.000,YES,,1,R0402
R165,R1-8V-0.1-49.9_OM_1-T-A-M-R060A,13.5000,170.0000,0.000,YES,,1,R0603
R166,R1-8V-0.063-1_KOM_1-M-A-R0402_A,10.5000,167.5000,180.000,YES,,1,R0402
R167,R1-8V-0.063-1_KOM_1-M-A-R0402_A,10.5000,168.5000,0.000,YES,,1,R0402
R168,R1-8V-0.063-511_OM_1-M-A-R0402A,30.5000,143.0000,0.000,YES,,1,R0402
R169,R1-8V-0.063-511_OM_1-M-A-R0402A,30.0000,140.0000,270.000,NO,,1,R0402
R170,"NP1-3R-4,64_KOM_1-CAT16",29.0000,158.0000,0.000,NO,,1,R0603X4
R171,R1-8V-0.1-100_KOM_1-M-A-M-R060A,30.0000,161.5000,90.000,NO,,1,R0603
R172,R1-8V-0.063-49.9_OM_1-M-A-R040A,30.0000,134.0000,0.000,NO,,1,R0402
R173,R1-8V-0.063-1_KOM_1-M-A-R0402_A,27.5000,132.5000,90.000,NO,,1,R0402
R174,R1-8V-0.063-1_KOM_1-M-A-R0402_A,28.5000,132.5000,90.000,NO,,1,R0402
R175,R1-8V-0.1-49.9_OM_1-T-A-M-R060A,41.5000,170.0000,0.000,YES,,1,R0603
R176,R1-8V-0.063-1_KOM_1-M-A-R0402_A,38.5000,167.5000,180.000,YES,,1,R0402
R177,R1-8V-0.063-1_KOM_1-M-A-R0402_A,38.5000,168.5000,0.000,YES,,1,R0402
R178,R1-8V-0.1-49.9_OM_1-T-A-M-R060A,61.5000,170.0000,0.000,YES,,1,R0603
R179,R1-8V-0.063-1_KOM_1-M-A-R0402_A,58.5000,167.5000,180.000,YES,,1,R0402
R180,R1-8V-0.063-1_KOM_1-M-A-R0402_A,58.5000,168.5000,0.000,YES,,1,R0402
R181,R1-8V-0.063-511_OM_1-M-A-R0402A,122.0000,45.5000,270.000,YES,,1,R0402
R182,R1-8V-0.063-511_OM_1-M-A-R0402A,122.0000,48.0000,90.000,NO,,1,R0402
R183,"NP1-3R-4,64_KOM_1-CAT16",123.0000,30.0000,180.000,NO,,1,R0603X4
R184,R1-8V-0.1-100_KOM_1-M-A-M-R060A,122.5000,26.5000,180.000,NO,,1,R0603
R185,R1-8V-0.063-49.9_OM_1-M-A-R040A,122.0000,54.0000,180.000,NO,,1,R0402
R186,R1-8V-0.063-1_KOM_1-M-A-R0402_A,122.5000,55.5000,270.000,NO,,1,R0402
R187,R1-8V-0.063-1_KOM_1-M-A-R0402_A,124.0000,55.0000,180.000,NO,,1,R0402
R188,R1-8V-0.1-49.9_OM_1-T-A-M-R060A,110.5000,18.0000,180.000,YES,,1,R0603
R189,R1-8V-0.063-1_KOM_1-M-A-R0402_A,113.5000,20.5000,0.000,YES,,1,R0402
R190,R1-8V-0.063-1_KOM_1-M-A-R0402_A,113.5000,19.5000,180.000,YES,,1,R0402
R191,R1-8V-0.1-49.9_OM_1-T-A-M-R060A,90.5000,18.0000,180.000,YES,,1,R0603
R192,R1-8V-0.063-1_KOM_1-M-A-R0402_A,93.5000,20.5000,0.000,YES,,1,R0402
R193,R1-8V-0.063-1_KOM_1-M-A-R0402_A,93.5000,19.5000,180.000,YES,,1,R0402
R194,R1-8V-0.063-511_OM_1-M-A-R0402A,78.0000,167.5000,270.000,YES,,1,R0402
R195,R1-8V-0.063-511_OM_1-M-A-R0402A,78.0000,163.5000,270.000,NO,,1,R0402
R196,R1-8V-0.063-49.9_OM_1-M-A-R040A,78.0000,158.0000,0.000,NO,,1,R0402
R197,"NP1-3R-4,64_KOM_1-CAT16",77.0000,182.0000,0.000,NO,,1,R0603X4
R198,R1-8V-0.063-1_KOM_1-M-A-R0402_A,75.5000,156.5000,90.000,NO,,1,R0402
R199,R1-8V-0.063-1_KOM_1-M-A-R0402_A,76.5000,156.5000,90.000,NO,,1,R0402
R200,R1-8V-0.1-1_KOM_1-M-A-M-R0603_A,78.0000,185.5000,90.000,NO,,1,R0603
R201,R1-8V-0.1-49.9_OM_1-T-A-M-R060A,89.5000,194.0000,0.000,YES,,1,R0603
R202,R1-8V-0.063-1_KOM_1-M-A-R0402_A,86.5000,191.5000,180.000,YES,,1,R0402
R203,R1-8V-0.063-1_KOM_1-M-A-R0402_A,86.5000,192.5000,0.000,YES,,1,R0402
R204,R1-8V-0.1-49.9_OM_1-T-A-M-R060A,109.5000,194.0000,0.000,YES,,1,R0603
R205,R1-8V-0.063-1_KOM_1-M-A-R0402_A,106.5000,191.5000,180.000,YES,,1,R0402
R206,R1-8V-0.063-1_KOM_1-M-A-R0402_A,106.5000,192.5000,0.000,YES,,1,R0402
R207,R1-8V-0.1-1_KOM_1-M-A-M-R0603_A,38.5000,26.5000,270.000,NO,,1,R0603
R208,R1-8V-0.1-1_KOM_1-M-A-M-R0603_A,37.0000,26.5000,270.000,NO,,1,R0603
R209,R1-8V-0.1-1_KOM_1-M-A-M-R0603_A,35.5000,26.5000,270.000,NO,,1,R0603
R210,R1-8V-0.1-1_KOM_1-M-A-M-R0603_A,34.0000,26.5000,270.000,NO,,1,R0603
R211,R1-8V-0.1-1_KOM_1-M-A-M-R0603_A,62.0000,24.0000,180.000,NO,,1,R0603
R212,R1-8V-0.1-1_KOM_1-M-A-M-R0603_A,62.0000,25.5000,180.000,NO,,1,R0603
R213,R1-8V-0.1-1_KOM_1-M-A-M-R0603_A,62.0000,27.0000,180.000,NO,,1,R0603
R214,R1-8V-0.1-1_KOM_1-M-A-M-R0603_A,62.0000,28.5000,180.000,NO,,1,R0603
R215,R1-8V-0.1-1_KOM_1-M-A-M-R0603_A,26.0000,173.5000,90.000,NO,,1,R0603
R216,R1-8V-0.1-1_KOM_1-M-A-M-R0603_A,27.5000,173.5000,90.000,NO,,1,R0603
R217,R1-8V-0.1-1_KOM_1-M-A-M-R0603_A,29.0000,173.5000,90.000,NO,,1,R0603
R218,R1-8V-0.1-1_KOM_1-M-A-M-R0603_A,30.5000,173.5000,90.000,NO,,1,R0603
R219,R1-8V-0.1-1.13_KOM_1-M-A-M-R06A,53.5000,25.5000,180.000,NO,,1,R0603
R220,R1-8V-0.1-1.13_KOM_1-M-A-M-R06A,53.5000,27.0000,0.000,NO,,1,R0603
R221,R1-8V-0.1-1_KOM_1-M-A-M-R0603_A,76.0000,194.7500,90.000,NO,,1,R0603
R222,R1-8V-0.1-1_KOM_1-M-A-M-R0603_A,77.5000,194.7500,90.000,NO,,1,R0603
R223,R1-8V-0.1-1_KOM_1-M-A-M-R0603_A,79.0000,194.7500,90.000,NO,,1,R0603
R224,R1-8V-0.1-1_KOM_1-M-A-M-R0603_A,80.5000,194.7500,90.000,NO,,1,R0603
R225,R1-8V-0.1-2.43_KOM_1-M-A-M-R06A,-13.5000,119.0000,0.000,YES,,1,R0603
R226,R1-8V-0.1-2.43_KOM_1-M-A-M-R06A,-16.0000,96.0000,90.000,YES,,1,R0603
R227,R1-8V-0.1-24.3_KOM_1-M-A-M-R06A,-16.0000,117.5000,90.000,YES,,1,R0603
R228,R1-8V-0.1-24.3_KOM_1-M-A-M-R06A,-13.5000,97.0000,0.000,YES,,1,R0603
R229,R1-8V-0.1-274_OM_1-M-A-M-R0603A,-13.5000,113.0000,0.000,YES,,1,R0603
R230,R1-8V-0.1-274_OM_1-M-A-M-R0603A,-13.0000,91.5000,0.000,YES,,1,R0603
R231,R1-8V-0.063-511_OM_1-M-A-R0402A,23.0000,88.0000,180.000,YES,,1,R0402
R232,R1-8V-0.063-511_OM_1-M-A-R0402A,18.5000,87.0000,0.000,YES,,1,R0402
R233,R1-8V-0.063-511_OM_1-M-A-R0402A,-10.5000,87.0000,180.000,YES,,1,R0402
R234,R1-8V-0.063-511_OM_1-M-A-R0402A,-14.5000,88.0000,0.000,YES,,1,R0402
R235,R1-8V-0.063-511_OM_1-M-A-R0402A,71.0000,88.0000,180.000,YES,,1,R0402
R236,R1-8V-0.063-511_OM_1-M-A-R0402A,66.5000,87.0000,0.000,YES,,1,R0402
R237,R1-8V-0.063-511_OM_1-M-A-R0402A,37.5000,87.0000,180.000,YES,,1,R0402
R238,R1-8V-0.063-511_OM_1-M-A-R0402A,33.5000,88.0000,0.000,YES,,1,R0402
R239,R1-8V-0.063-511_OM_1-M-A-R0402A,-15.0000,124.0000,0.000,YES,,1,R0402
R240,R1-8V-0.063-511_OM_1-M-A-R0402A,-10.5000,125.0000,180.000,YES,,1,R0402
R241,R1-8V-0.063-511_OM_1-M-A-R0402A,18.5000,125.0000,0.000,YES,,1,R0402
R242,R1-8V-0.063-511_OM_1-M-A-R0402A,22.5000,124.0000,180.000,YES,,1,R0402
R243,R1-8V-0.063-511_OM_1-M-A-R0402A,121.5000,58.5000,0.000,YES,,1,R0402
R244,R1-8V-0.063-511_OM_1-M-A-R0402A,121.5000,57.0000,0.000,YES,,1,R0402
R245,R1-8V-0.063-511_OM_1-M-A-R0402A,85.5000,63.0000,0.000,YES,,1,R0402
R246,R1-8V-0.063-511_OM_1-M-A-R0402A,81.5000,64.0000,180.000,YES,,1,R0402
R247,R1-8V-0.063-511_OM_1-M-A-R0402A,81.0000,148.0000,180.000,YES,,1,R0402
R248,R1-8V-0.063-511_OM_1-M-A-R0402A,85.5000,149.0000,0.000,YES,,1,R0402
R249,R1-8V-0.063-511_OM_1-M-A-R0402A,118.5000,149.0000,0.000,YES,,1,R0402
R250,R1-8V-0.063-511_OM_1-M-A-R0402A,121.5000,151.5000,270.000,YES,,1,R0402
R251,R1-8V-0.063-511_OM_1-M-A-R0402A,33.0000,124.0000,180.000,YES,,1,R0402
R252,R1-8V-0.063-511_OM_1-M-A-R0402A,37.5000,125.0000,0.000,YES,,1,R0402
R253,R1-8V-0.063-511_OM_1-M-A-R0402A,66.5000,125.0000,180.000,YES,,1,R0402
R254,R1-8V-0.063-511_OM_1-M-A-R0402A,70.5000,125.0000,0.000,YES,,1,R0402
R255,R1-8V-0.063-1_KOM_1-M-A-R0402_A,125.0000,71.0000,270.000,YES,,1,R0402
R256,R1-8V-0.063-1_KOM_1-M-A-R0402_A,124.0000,69.5000,270.000,YES,,1,R0402
R257,"NP1-3R-51,1_OM_1-CAT16",127.5000,70.5000,90.000,YES,,1,R0603X4
R258,R1-8V-0.063-4.75_KOM_1-M-A-R04A,122.5000,71.5000,0.000,YES,,1,R0402
R259,"NP1-3R-51,1_OM_1-CAT16",107.5000,66.0000,90.000,YES,,1,R0603X4
R260,R1-8V-0.063-10_OM_2-T-A-R0402_A,112.0000,68.5000,0.000,YES,,2,R0402
R261,R1-8V-0.063-10_OM_2-T-A-R0402_A,110.0000,69.0000,0.000,YES,,2,R0402
R262,R1-8V-0.063-10_OM_2-T-A-R0402_A,112.0000,69.5000,0.000,YES,,2,R0402
R263,R1-8V-0.063-10_OM_2-T-A-R0402_A,110.0000,70.0000,0.000,YES,,2,R0402
R264,R1-8V-0.063-10_OM_2-T-A-R0402_A,112.0000,70.5000,0.000,YES,,2,R0402
R265,R1-8V-0.063-10_OM_2-T-A-R0402_A,110.0000,71.0000,0.000,YES,,2,R0402
R266,R1-8V-0.063-100_OM_1-T-A-R0402A,120.0000,75.5000,180.000,YES,,1,R0402
R267,R1-8V-0.063-100_OM_1-T-A-R0402A,110.0000,72.0000,0.000,YES,,1,R0402
R268,R1-8V-0.1-1.13_KOM_1-M-A-M-R06A,26.0000,181.0000,90.000,YES,,1,R0603
R269,R1-8V-0.1-1.13_KOM_1-M-A-M-R06A,30.0000,181.0000,90.000,YES,,1,R0603
T1,TC1-1T+,18.9900,99.7200,270.000,NO,,,AT224
VD1,SD2114S040S8R0-DO-214AA,124.0000,81.0000,0.000,NO,,,2114VD
VD2,BAS16XV2T1G,124.5000,135.5000,0.000,YES,,,SOD523
VT1,IPD042P03L3-G,133.5000,76.0000,180.000,NO,,,TO252-3
VT2,KP214A9,125.0000,77.0000,270.000,NO,,,KT-46A
VT3,2T3129B9/PK,96.5000,127.0000,90.000,NO,,,SOT-23VT
VT4,KP214A9,124.5000,86.5000,90.000,NO,,,KT-46A
VT5,2T3130A9/PK,127.5000,71.0000,180.000,NO,,,SOT-23VT
VT6,2T3130A9/PK,-13.5000,116.0000,180.000,YES,,,SOT-23VT
VT7,2T3130A9/PK,-13.5000,94.5000,180.000,YES,,,SOT-23VT
X1,TP_D1_1_CP1_6,-20.0000,113.0000,0.000,YES,,,X
X2,TP_D1_1_CP1_6,-20.0000,92.0000,0.000,YES,,,X
X3,TP_D1_1_CP1_6,-17.5000,113.0000,0.000,YES,,,X
X4,TP_D1_1_CP1_6,-17.5000,92.0000,0.000,YES,,,X
XS1,SNP351-110RPR31-1F-A,136.7500,168.5000,90.000,NO,,,SNP351-110RPR31-1F-A
XS2,SNP351-110RPR31-1F-A,136.7500,43.5000,90.000,NO,,,SNP351-110RPR31-1F-A
XS3,6469028-1,137.5000,106.4750,90.000,NO,,,6469028-1
Z1,BLM18EG601SN1D-Z0603,-12.0000,91.5000,90.000,NO,,,Z0603
Z2,BLM18EG601SN1D-Z0603,29.5000,93.2500,90.000,NO,,,Z0603
Z3,BLM18AG102SN1D-Z0603,14.5000,112.0000,90.000,YES,,,Z0603
Z4,BLM18AG102SN1D-Z0603,117.5000,81.5000,270.000,NO,,,Z0603
Z5,BLM18AG102SN1D-Z0603,3.0000,102.5000,90.000,YES,,,Z0603
Z6,BLM18AG102SN1D-Z0603,51.5000,107.5000,180.000,YES,,,Z0603
Z7,BLM18EG601SN1D-Z0603,-1.0000,107.7500,270.000,NO,,,Z0603
Z8,BLM18EG601SN1D-Z0603,44.8750,107.7500,270.000,NO,,,Z0603
